2024-05-27 17:13:37,691 INFO notifyConnectTimeout:100

2024-05-27 17:13:37,693 INFO notifySocketTimeout:200

2024-05-27 17:13:37,693 INFO isHealthCheck:true

2024-05-27 17:13:37,693 INFO maxHealthCheckFailCount:12

2024-05-27 17:13:37,693 INFO maxContent:10485760

2024-05-27 17:13:41,898 WARN DumpService start

2024-05-27 17:13:41,898 INFO start clear all config-info.

2024-05-27 17:13:41,899 INFO clear all config-info success.

2024-05-27 17:13:41,899 INFO clear all config-info-tenant success.

2024-05-27 17:13:41,915 INFO All dump page size is set to 50 according to mem limit 972 MB

2024-05-27 17:13:41,915 INFO start dump all config-info...

2024-05-27 17:13:41,915 INFO success to  dump all config-info。

2024-05-27 17:13:41,915 INFO start clear all config-info-beta.

2024-05-27 17:13:41,916 INFO clear all config-info-beta success.

2024-05-27 17:13:41,916 INFO clear all config-info-beta-tenant success.

2024-05-27 17:13:41,917 INFO start clear all config-info-tag.

2024-05-27 17:13:41,917 INFO clear all config-info-tag success.

2024-05-27 17:13:41,918 INFO clear all config-info-tag-tenant success.

2024-05-27 17:17:35,576 INFO notifyConnectTimeout:100

2024-05-27 17:17:35,578 INFO notifySocketTimeout:200

2024-05-27 17:17:35,578 INFO isHealthCheck:true

2024-05-27 17:17:35,578 INFO maxHealthCheckFailCount:12

2024-05-27 17:17:35,578 INFO maxContent:10485760

2024-05-27 17:17:39,480 WARN DumpService start

2024-05-27 17:17:39,480 INFO start clear all config-info.

2024-05-27 17:17:39,481 INFO clear all config-info success.

2024-05-27 17:17:39,481 INFO clear all config-info-tenant success.

2024-05-27 17:17:39,496 INFO All dump page size is set to 50 according to mem limit 972 MB

2024-05-27 17:17:39,497 INFO start dump all config-info...

2024-05-27 17:17:39,497 INFO success to  dump all config-info。

2024-05-27 17:17:39,497 INFO start clear all config-info-beta.

2024-05-27 17:17:39,497 INFO clear all config-info-beta success.

2024-05-27 17:17:39,497 INFO clear all config-info-beta-tenant success.

2024-05-27 17:17:39,498 INFO start clear all config-info-tag.

2024-05-27 17:17:39,499 INFO clear all config-info-tag success.

2024-05-27 17:17:39,499 INFO clear all config-info-tag-tenant success.

