2024-05-27 17:13:37,702 INFO Starting Nacos v2.3.1 using Java 1.8.0_402 on bc17b81e6c43 with PID 1 (/home/nacos/target/nacos-server.jar started by root in /home/nacos)

2024-05-27 17:13:37,702 INFO The following 1 profile is active: "standalone"

2024-05-27 17:13:37,829 INFO Load Nacos package exclude filter success, package prefix com.alibaba.nacos.config.server, filter com.alibaba.nacos.config.server.filter.ConfigEnabledFilter

2024-05-27 17:13:37,829 INFO Load Nacos package exclude filter success, package prefix com.alibaba.nacos.naming, filter com.alibaba.nacos.naming.config.NamingEnabledFilter

2024-05-27 17:13:37,829 INFO Load Nacos package exclude filter success, package prefix com.alibaba.nacos.istio, filter com.alibaba.nacos.istio.config.IstioEnabledFilter

2024-05-27 17:13:38,008 INFO Skip @SpringBootApplication annotation for class com.alibaba.nacos.config.server.Config to avoid duplicate scan

2024-05-27 17:13:38,126 INFO Skip @SpringBootApplication annotation for class com.alibaba.nacos.naming.NamingApp to avoid duplicate scan

2024-05-27 17:13:38,137 INFO Skip @SpringBootApplication annotation for class com.alibaba.nacos.cmdb.CmdbApp to avoid duplicate scan

2024-05-27 17:13:38,147 WARN Istio module disabled because set nacos.extension.naming.istio.enabled as false

2024-05-27 17:13:38,147 WARN Istio module disabled because set nacos.extension.naming.istio.enabled as false

2024-05-27 17:13:38,147 WARN Istio module disabled because set nacos.extension.naming.istio.enabled as false

2024-05-27 17:13:38,147 WARN Istio module disabled because set nacos.extension.naming.istio.enabled as false

2024-05-27 17:13:38,147 WARN Istio module disabled because set nacos.extension.naming.istio.enabled as false

2024-05-27 17:13:38,148 WARN Istio module disabled because set nacos.extension.naming.istio.enabled as false

2024-05-27 17:13:38,148 WARN Istio module disabled because set nacos.extension.naming.istio.enabled as false

2024-05-27 17:13:38,148 WARN Istio module disabled because set nacos.extension.naming.istio.enabled as false

2024-05-27 17:13:38,148 WARN Istio module disabled because set nacos.extension.naming.istio.enabled as false

2024-05-27 17:13:38,148 WARN Istio module disabled because set nacos.extension.naming.istio.enabled as false

2024-05-27 17:13:38,149 WARN Istio module disabled because set nacos.extension.naming.istio.enabled as false

2024-05-27 17:13:38,149 WARN Istio module disabled because set nacos.extension.naming.istio.enabled as false

2024-05-27 17:13:38,149 WARN Istio module disabled because set nacos.extension.naming.istio.enabled as false

2024-05-27 17:13:38,149 WARN Istio module disabled because set nacos.extension.naming.istio.enabled as false

2024-05-27 17:13:38,149 WARN Istio module disabled because set nacos.extension.naming.istio.enabled as false

2024-05-27 17:13:38,149 WARN Istio module disabled because set nacos.extension.naming.istio.enabled as false

2024-05-27 17:13:38,149 WARN Istio module disabled because set nacos.extension.naming.istio.enabled as false

2024-05-27 17:13:38,150 WARN Istio module disabled because set nacos.extension.naming.istio.enabled as false

2024-05-27 17:13:38,150 WARN Istio module disabled because set nacos.extension.naming.istio.enabled as false

2024-05-27 17:13:38,150 WARN Istio module disabled because set nacos.extension.naming.istio.enabled as false

2024-05-27 17:13:38,150 WARN Istio module disabled because set nacos.extension.naming.istio.enabled as false

2024-05-27 17:13:38,150 WARN Istio module disabled because set nacos.extension.naming.istio.enabled as false

2024-05-27 17:13:38,150 WARN Istio module disabled because set nacos.extension.naming.istio.enabled as false

2024-05-27 17:13:38,151 WARN Istio module disabled because set nacos.extension.naming.istio.enabled as false

2024-05-27 17:13:38,151 WARN Istio module disabled because set nacos.extension.naming.istio.enabled as false

2024-05-27 17:13:38,151 INFO Skip @SpringBootApplication annotation for class com.alibaba.nacos.istio.IstioApp to avoid duplicate scan

2024-05-27 17:13:38,151 WARN Istio module disabled because set nacos.extension.naming.istio.enabled as false

2024-05-27 17:13:38,151 WARN Istio module disabled because set nacos.extension.naming.istio.enabled as false

2024-05-27 17:13:38,152 WARN Istio module disabled because set nacos.extension.naming.istio.enabled as false

2024-05-27 17:13:38,152 WARN Istio module disabled because set nacos.extension.naming.istio.enabled as false

2024-05-27 17:13:38,152 WARN Istio module disabled because set nacos.extension.naming.istio.enabled as false

2024-05-27 17:13:38,152 WARN Istio module disabled because set nacos.extension.naming.istio.enabled as false

2024-05-27 17:13:38,152 WARN Istio module disabled because set nacos.extension.naming.istio.enabled as false

2024-05-27 17:13:38,152 WARN Istio module disabled because set nacos.extension.naming.istio.enabled as false

2024-05-27 17:13:38,153 WARN Istio module disabled because set nacos.extension.naming.istio.enabled as false

2024-05-27 17:13:38,153 WARN Istio module disabled because set nacos.extension.naming.istio.enabled as false

2024-05-27 17:13:38,153 WARN Istio module disabled because set nacos.extension.naming.istio.enabled as false

2024-05-27 17:13:38,431 INFO Skip @SpringBootApplication annotation for class com.alibaba.nacos.prometheus.PrometheusApp to avoid duplicate scan

2024-05-27 17:13:40,364 INFO Tomcat initialized with port(s): 8848 (http)

2024-05-27 17:13:40,372 INFO Starting service [Tomcat]

2024-05-27 17:13:40,372 INFO Starting Servlet engine: [Apache Tomcat/9.0.83]

2024-05-27 17:13:40,421 INFO Initializing Spring embedded WebApplicationContext

2024-05-27 17:13:40,421 INFO Root WebApplicationContext: initialization completed in 2657 ms

2024-05-27 17:13:40,631 INFO Nacos-related cluster resource initialization

2024-05-27 17:13:40,639 INFO Load com.alibaba.nacos.core.ability.RemoteAbilityInitializer for ServerAbilityInitializer

2024-05-27 17:13:40,639 INFO Load com.alibaba.nacos.naming.ability.NamingAbilityInitializer for ServerAbilityInitializer

2024-05-27 17:13:40,641 INFO The cluster resource is initialized

2024-05-27 17:13:41,336 INFO HikariPool-1 - Starting...

2024-05-27 17:13:41,544 INFO HikariPool-1 - Start completed.

2024-05-27 17:13:41,623 INFO [MapperManager] Load Mapper(class com.alibaba.nacos.plugin.datasource.impl.mysql.ConfigInfoAggrMapperByMySql) datasource(mysql) tableName(config_info_aggr) successfully.

2024-05-27 17:13:41,623 INFO [MapperManager] Load Mapper(class com.alibaba.nacos.plugin.datasource.impl.mysql.ConfigInfoBetaMapperByMySql) datasource(mysql) tableName(config_info_beta) successfully.

2024-05-27 17:13:41,623 INFO [MapperManager] Load Mapper(class com.alibaba.nacos.plugin.datasource.impl.mysql.ConfigInfoMapperByMySql) datasource(mysql) tableName(config_info) successfully.

2024-05-27 17:13:41,623 INFO [MapperManager] Load Mapper(class com.alibaba.nacos.plugin.datasource.impl.mysql.ConfigInfoTagMapperByMySql) datasource(mysql) tableName(config_info_tag) successfully.

2024-05-27 17:13:41,623 INFO [MapperManager] Load Mapper(class com.alibaba.nacos.plugin.datasource.impl.mysql.ConfigTagsRelationMapperByMySql) datasource(mysql) tableName(config_tags_relation) successfully.

2024-05-27 17:13:41,623 INFO [MapperManager] Load Mapper(class com.alibaba.nacos.plugin.datasource.impl.mysql.HistoryConfigInfoMapperByMySql) datasource(mysql) tableName(his_config_info) successfully.

2024-05-27 17:13:41,623 INFO [MapperManager] Load Mapper(class com.alibaba.nacos.plugin.datasource.impl.mysql.TenantInfoMapperByMySql) datasource(mysql) tableName(tenant_info) successfully.

2024-05-27 17:13:41,623 INFO [MapperManager] Load Mapper(class com.alibaba.nacos.plugin.datasource.impl.mysql.TenantCapacityMapperByMySql) datasource(mysql) tableName(tenant_capacity) successfully.

2024-05-27 17:13:41,623 INFO [MapperManager] Load Mapper(class com.alibaba.nacos.plugin.datasource.impl.mysql.GroupCapacityMapperByMysql) datasource(mysql) tableName(group_capacity) successfully.

2024-05-27 17:13:41,623 INFO [MapperManager] Load Mapper(class com.alibaba.nacos.plugin.datasource.impl.derby.ConfigInfoAggrMapperByDerby) datasource(derby) tableName(config_info_aggr) successfully.

2024-05-27 17:13:41,623 INFO [MapperManager] Load Mapper(class com.alibaba.nacos.plugin.datasource.impl.derby.ConfigInfoBetaMapperByDerby) datasource(derby) tableName(config_info_beta) successfully.

2024-05-27 17:13:41,623 INFO [MapperManager] Load Mapper(class com.alibaba.nacos.plugin.datasource.impl.derby.ConfigInfoMapperByDerby) datasource(derby) tableName(config_info) successfully.

2024-05-27 17:13:41,623 INFO [MapperManager] Load Mapper(class com.alibaba.nacos.plugin.datasource.impl.derby.ConfigInfoTagMapperByDerby) datasource(derby) tableName(config_info_tag) successfully.

2024-05-27 17:13:41,623 INFO [MapperManager] Load Mapper(class com.alibaba.nacos.plugin.datasource.impl.derby.ConfigInfoTagsRelationMapperByDerby) datasource(derby) tableName(config_tags_relation) successfully.

2024-05-27 17:13:41,623 INFO [MapperManager] Load Mapper(class com.alibaba.nacos.plugin.datasource.impl.derby.HistoryConfigInfoMapperByDerby) datasource(derby) tableName(his_config_info) successfully.

2024-05-27 17:13:41,623 INFO [MapperManager] Load Mapper(class com.alibaba.nacos.plugin.datasource.impl.derby.TenantInfoMapperByDerby) datasource(derby) tableName(tenant_info) successfully.

2024-05-27 17:13:41,623 INFO [MapperManager] Load Mapper(class com.alibaba.nacos.plugin.datasource.impl.derby.TenantCapacityMapperByDerby) datasource(derby) tableName(tenant_capacity) successfully.

2024-05-27 17:13:41,623 INFO [MapperManager] Load Mapper(class com.alibaba.nacos.plugin.datasource.impl.derby.GroupCapacityMapperByDerby) datasource(derby) tableName(group_capacity) successfully.

2024-05-27 17:13:41,855 INFO Not configure type of control plugin, no limit control for current node.

2024-05-27 17:13:41,857 INFO Load connection metrics collector,size=2,[com.alibaba.nacos.config.server.service.LongPollingConnectionMetricsCollector@4a11eb84, com.alibaba.nacos.core.remote.LongConnectionMetricsCollector@435fb7b5]

2024-05-27 17:13:41,858 INFO No connection rule content found ,use default empty rule 

2024-05-27 17:13:41,867 INFO Fail to find connection runtime ejector for name nacos,use default

2024-05-27 17:13:41,873 INFO No tps control rule of CONFIG_PUSH_COUNT found,content =null  

2024-05-27 17:13:41,873 WARN Tps point for CONFIG_PUSH_COUNT registered, But tps control manager is no limit implementation.

2024-05-27 17:13:41,873 INFO No tps control rule of CONFIG_PUSH_SUCCESS found,content =null  

2024-05-27 17:13:41,873 WARN Tps point for CONFIG_PUSH_SUCCESS registered, But tps control manager is no limit implementation.

2024-05-27 17:13:41,873 INFO No tps control rule of CONFIG_PUSH_FAIL found,content =null  

2024-05-27 17:13:41,873 WARN Tps point for CONFIG_PUSH_FAIL registered, But tps control manager is no limit implementation.

2024-05-27 17:13:41,881 INFO ConnectionMetrics, totalCount = 0, detail = {long_connection=0, long_polling=0}

2024-05-27 17:13:42,436 INFO Ready to get current node abilities...

2024-05-27 17:13:42,438 INFO Ready to initialize current node abilities, support modes: [CLUSTER_CLIENT, SDK_CLIENT, SERVER]

2024-05-27 17:13:42,439 INFO Initialize current abilities finish...

2024-05-27 17:13:42,440 INFO Ready to get current node abilities...

2024-05-27 17:13:42,440 INFO Ready to initialize current node abilities, support modes: [SDK_CLIENT]

2024-05-27 17:13:42,440 INFO Initialize current abilities finish...

2024-05-27 17:13:42,441 INFO [AbilityControlManager] Successfully initialize AbilityControlManager

2024-05-27 17:13:42,940 INFO Connection check task start

2024-05-27 17:13:42,941 INFO Long connection metrics detail ,Total count =0, sdkCount=0,clusterCount=0

2024-05-27 17:13:42,941 INFO Out dated connection ,size=0

2024-05-27 17:13:42,941 INFO Connection check task end

2024-05-27 17:13:44,310 INFO Will secure any request with [org.springframework.security.web.session.DisableEncodeUrlFilter@522ba524, org.springframework.security.web.context.request.async.WebAsyncManagerIntegrationFilter@29c5ee1d, org.springframework.security.web.context.SecurityContextPersistenceFilter@3be4f71, org.springframework.security.web.header.HeaderWriterFilter@26ae880a, org.springframework.security.web.csrf.CsrfFilter@770b3be0, org.springframework.security.web.authentication.logout.LogoutFilter@7ac9af2a, org.springframework.security.web.savedrequest.RequestCacheAwareFilter@6bd16207, org.springframework.security.web.servletapi.SecurityContextHolderAwareRequestFilter@58399d82, org.springframework.security.web.authentication.AnonymousAuthenticationFilter@15cea7b0, org.springframework.security.web.session.SessionManagementFilter@3c017078, org.springframework.security.web.access.ExceptionTranslationFilter@771db12c]

2024-05-27 17:13:44,694 INFO Adding welcome page: class path resource [static/index.html]

2024-05-27 17:13:44,881 INFO ConnectionMetrics, totalCount = 0, detail = {long_connection=0, long_polling=0}

2024-05-27 17:13:45,039 INFO Exposing 1 endpoint(s) beneath base path '/actuator'

2024-05-27 17:13:45,055 WARN You are asking Spring Security to ignore Ant [pattern='/**']. This is not recommended -- please use permitAll via HttpSecurity#authorizeHttpRequests instead.

2024-05-27 17:13:45,056 INFO Will not secure Ant [pattern='/**']

2024-05-27 17:13:45,056 WARN You are asking Spring Security to ignore Mvc [pattern='/prometheus']. This is not recommended -- please use permitAll via HttpSecurity#authorizeHttpRequests instead.

2024-05-27 17:13:45,056 INFO Will not secure Mvc [pattern='/prometheus']

2024-05-27 17:13:45,056 WARN You are asking Spring Security to ignore Mvc [pattern='/prometheus/namespaceId/{namespaceId}']. This is not recommended -- please use permitAll via HttpSecurity#authorizeHttpRequests instead.

2024-05-27 17:13:45,056 INFO Will not secure Mvc [pattern='/prometheus/namespaceId/{namespaceId}']

2024-05-27 17:13:45,056 WARN You are asking Spring Security to ignore Mvc [pattern='/prometheus/namespaceId/{namespaceId}/service/{service}']. This is not recommended -- please use permitAll via HttpSecurity#authorizeHttpRequests instead.

2024-05-27 17:13:45,056 INFO Will not secure Mvc [pattern='/prometheus/namespaceId/{namespaceId}/service/{service}']

2024-05-27 17:13:45,132 INFO Tomcat started on port(s): 8848 (http) with context path '/nacos'

2024-05-27 17:13:45,148 INFO No TaskScheduler/ScheduledExecutorService bean found for scheduled processing

2024-05-27 17:13:45,159 INFO No tps control rule of ConfigQuery found,content =null  

2024-05-27 17:13:45,159 WARN Tps point for ConfigQuery registered, But tps control manager is no limit implementation.

2024-05-27 17:13:45,160 INFO No tps control rule of ClusterConfigChangeNotify found,content =null  

2024-05-27 17:13:45,160 WARN Tps point for ClusterConfigChangeNotify registered, But tps control manager is no limit implementation.

2024-05-27 17:13:45,160 INFO No tps control rule of ConfigListen found,content =null  

2024-05-27 17:13:45,160 WARN Tps point for ConfigListen registered, But tps control manager is no limit implementation.

2024-05-27 17:13:45,160 INFO No tps control rule of ConfigRemove found,content =null  

2024-05-27 17:13:45,161 WARN Tps point for ConfigRemove registered, But tps control manager is no limit implementation.

2024-05-27 17:13:45,161 INFO No tps control rule of ConfigPublish found,content =null  

2024-05-27 17:13:45,161 WARN Tps point for ConfigPublish registered, But tps control manager is no limit implementation.

2024-05-27 17:13:45,161 INFO No tps control rule of HealthCheck found,content =null  

2024-05-27 17:13:45,161 WARN Tps point for HealthCheck registered, But tps control manager is no limit implementation.

2024-05-27 17:13:45,161 INFO No tps control rule of RemoteNamingServiceQuery found,content =null  

2024-05-27 17:13:45,161 WARN Tps point for RemoteNamingServiceQuery registered, But tps control manager is no limit implementation.

2024-05-27 17:13:45,162 INFO No tps control rule of RemoteNamingInstanceBatchRegister found,content =null  

2024-05-27 17:13:45,162 WARN Tps point for RemoteNamingInstanceBatchRegister registered, But tps control manager is no limit implementation.

2024-05-27 17:13:45,162 INFO No tps control rule of RemoteNamingInstanceRegisterDeregister found,content =null  

2024-05-27 17:13:45,162 WARN Tps point for RemoteNamingInstanceRegisterDeregister registered, But tps control manager is no limit implementation.

2024-05-27 17:13:45,162 INFO No tps control rule of RemoteNamingServiceListQuery found,content =null  

2024-05-27 17:13:45,162 WARN Tps point for RemoteNamingServiceListQuery registered, But tps control manager is no limit implementation.

2024-05-27 17:13:45,162 INFO No tps control rule of RemoteNamingServiceSubscribeUnSubscribe found,content =null  

2024-05-27 17:13:45,162 WARN Tps point for RemoteNamingServiceSubscribeUnSubscribe registered, But tps control manager is no limit implementation.

2024-05-27 17:13:45,162 WARN Tps point for RemoteNamingInstanceRegisterDeregister registered, But tps control manager is no limit implementation.

2024-05-27 17:13:45,164 INFO No tps control rule of NamingInstanceQuery found,content =null  

2024-05-27 17:13:45,164 WARN Tps point for NamingInstanceQuery registered, But tps control manager is no limit implementation.

2024-05-27 17:13:45,164 INFO No tps control rule of NamingInstanceUpdate found,content =null  

2024-05-27 17:13:45,164 WARN Tps point for NamingInstanceUpdate registered, But tps control manager is no limit implementation.

2024-05-27 17:13:45,164 INFO No tps control rule of NamingServiceDeregister found,content =null  

2024-05-27 17:13:45,164 WARN Tps point for NamingServiceDeregister registered, But tps control manager is no limit implementation.

2024-05-27 17:13:45,164 WARN Tps point for NamingServiceDeregister registered, But tps control manager is no limit implementation.

2024-05-27 17:13:45,164 WARN Tps point for ConfigQuery registered, But tps control manager is no limit implementation.

2024-05-27 17:13:45,165 INFO No tps control rule of NamingServiceListQuery found,content =null  

2024-05-27 17:13:45,166 WARN Tps point for NamingServiceListQuery registered, But tps control manager is no limit implementation.

2024-05-27 17:13:45,166 INFO No tps control rule of NamingServiceUpdate found,content =null  

2024-05-27 17:13:45,166 WARN Tps point for NamingServiceUpdate registered, But tps control manager is no limit implementation.

2024-05-27 17:13:45,166 WARN Tps point for ConfigPublish registered, But tps control manager is no limit implementation.

2024-05-27 17:13:45,166 INFO No tps control rule of NamingInstanceMetadataUpdate found,content =null  

2024-05-27 17:13:45,168 WARN Tps point for NamingInstanceMetadataUpdate registered, But tps control manager is no limit implementation.

2024-05-27 17:13:45,169 INFO No tps control rule of NamingInstanceDeregister found,content =null  

2024-05-27 17:13:45,169 WARN Tps point for NamingInstanceDeregister registered, But tps control manager is no limit implementation.

2024-05-27 17:13:45,170 INFO No tps control rule of NamingInstanceRegister found,content =null  

2024-05-27 17:13:45,170 WARN Tps point for NamingInstanceRegister registered, But tps control manager is no limit implementation.

2024-05-27 17:13:45,170 WARN Tps point for NamingInstanceUpdate registered, But tps control manager is no limit implementation.

2024-05-27 17:13:45,170 WARN Tps point for NamingServiceUpdate registered, But tps control manager is no limit implementation.

2024-05-27 17:13:45,170 WARN Tps point for NamingInstanceQuery registered, But tps control manager is no limit implementation.

2024-05-27 17:13:45,171 INFO No tps control rule of HttpHealthCheck found,content =null  

2024-05-27 17:13:45,171 WARN Tps point for HttpHealthCheck registered, But tps control manager is no limit implementation.

2024-05-27 17:13:45,171 WARN Tps point for HttpHealthCheck registered, But tps control manager is no limit implementation.

2024-05-27 17:13:45,171 INFO No tps control rule of NamingServiceRegister found,content =null  

2024-05-27 17:13:45,171 WARN Tps point for NamingServiceRegister registered, But tps control manager is no limit implementation.

2024-05-27 17:13:45,171 INFO No tps control rule of NamingServiceSubscribe found,content =null  

2024-05-27 17:13:45,171 WARN Tps point for NamingServiceSubscribe registered, But tps control manager is no limit implementation.

2024-05-27 17:13:45,173 WARN Tps point for NamingInstanceMetadataUpdate registered, But tps control manager is no limit implementation.

2024-05-27 17:13:45,173 WARN Tps point for NamingServiceRegister registered, But tps control manager is no limit implementation.

2024-05-27 17:13:45,173 WARN Tps point for NamingInstanceDeregister registered, But tps control manager is no limit implementation.

2024-05-27 17:13:45,174 WARN Tps point for NamingInstanceMetadataUpdate registered, But tps control manager is no limit implementation.

2024-05-27 17:13:45,174 INFO No tps control rule of NamingServiceQuery found,content =null  

2024-05-27 17:13:45,174 WARN Tps point for NamingServiceQuery registered, But tps control manager is no limit implementation.

2024-05-27 17:13:45,174 WARN Tps point for NamingServiceListQuery registered, But tps control manager is no limit implementation.

2024-05-27 17:13:45,174 WARN Tps point for NamingInstanceMetadataUpdate registered, But tps control manager is no limit implementation.

2024-05-27 17:13:45,174 WARN Tps point for NamingInstanceRegister registered, But tps control manager is no limit implementation.

2024-05-27 17:13:45,174 WARN Tps point for NamingServiceSubscribe registered, But tps control manager is no limit implementation.

2024-05-27 17:13:45,174 WARN Tps point for NamingServiceQuery registered, But tps control manager is no limit implementation.

2024-05-27 17:13:45,177 INFO Started Nacos in 8.212 seconds (JVM running for 8.626)

2024-05-27 17:13:45,178 INFO Nacos started successfully in stand alone mode. use external storage

2024-05-27 17:13:45,970 INFO Connection check task start

2024-05-27 17:13:45,970 INFO Long connection metrics detail ,Total count =0, sdkCount=0,clusterCount=0

2024-05-27 17:13:45,970 INFO Out dated connection ,size=0

2024-05-27 17:13:45,970 INFO Connection check task end

2024-05-27 17:13:47,882 INFO ConnectionMetrics, totalCount = 0, detail = {long_connection=0, long_polling=0}

2024-05-27 17:13:48,971 INFO Connection check task start

2024-05-27 17:13:48,971 INFO Long connection metrics detail ,Total count =0, sdkCount=0,clusterCount=0

2024-05-27 17:13:48,971 INFO Out dated connection ,size=0

2024-05-27 17:13:48,971 INFO Connection check task end

2024-05-27 17:13:50,882 INFO ConnectionMetrics, totalCount = 0, detail = {long_connection=0, long_polling=0}

2024-05-27 17:13:51,971 INFO Connection check task start

2024-05-27 17:13:51,971 INFO Long connection metrics detail ,Total count =0, sdkCount=0,clusterCount=0

2024-05-27 17:13:51,971 INFO Out dated connection ,size=0

2024-05-27 17:13:51,971 INFO Connection check task end

2024-05-27 17:13:53,883 INFO ConnectionMetrics, totalCount = 0, detail = {long_connection=0, long_polling=0}

2024-05-27 17:13:54,971 INFO Connection check task start

2024-05-27 17:13:54,971 INFO Long connection metrics detail ,Total count =0, sdkCount=0,clusterCount=0

2024-05-27 17:13:54,971 INFO Out dated connection ,size=0

2024-05-27 17:13:54,971 INFO Connection check task end

2024-05-27 17:13:56,883 INFO ConnectionMetrics, totalCount = 0, detail = {long_connection=0, long_polling=0}

2024-05-27 17:13:57,972 INFO Connection check task start

2024-05-27 17:13:57,972 INFO Long connection metrics detail ,Total count =0, sdkCount=0,clusterCount=0

2024-05-27 17:13:57,972 INFO Out dated connection ,size=0

2024-05-27 17:13:57,972 INFO Connection check task end

2024-05-27 17:13:59,883 INFO ConnectionMetrics, totalCount = 0, detail = {long_connection=0, long_polling=0}

2024-05-27 17:14:00,972 INFO Connection check task start

2024-05-27 17:14:00,972 INFO Long connection metrics detail ,Total count =0, sdkCount=0,clusterCount=0

2024-05-27 17:14:00,972 INFO Out dated connection ,size=0

2024-05-27 17:14:00,972 INFO Connection check task end

2024-05-27 17:14:02,884 INFO ConnectionMetrics, totalCount = 0, detail = {long_connection=0, long_polling=0}

2024-05-27 17:14:03,973 INFO Connection check task start

2024-05-27 17:14:03,973 INFO Long connection metrics detail ,Total count =0, sdkCount=0,clusterCount=0

2024-05-27 17:14:03,973 INFO Out dated connection ,size=0

2024-05-27 17:14:03,973 INFO Connection check task end

2024-05-27 17:14:05,884 INFO ConnectionMetrics, totalCount = 0, detail = {long_connection=0, long_polling=0}

2024-05-27 17:14:06,973 INFO Connection check task start

2024-05-27 17:14:06,973 INFO Long connection metrics detail ,Total count =0, sdkCount=0,clusterCount=0

2024-05-27 17:14:06,973 INFO Out dated connection ,size=0

2024-05-27 17:14:06,973 INFO Connection check task end

2024-05-27 17:14:08,884 INFO ConnectionMetrics, totalCount = 0, detail = {long_connection=0, long_polling=0}

2024-05-27 17:14:09,973 INFO Connection check task start

2024-05-27 17:14:09,974 INFO Long connection metrics detail ,Total count =0, sdkCount=0,clusterCount=0

2024-05-27 17:14:09,974 INFO Out dated connection ,size=0

2024-05-27 17:14:09,974 INFO Connection check task end

2024-05-27 17:14:11,885 INFO ConnectionMetrics, totalCount = 0, detail = {long_connection=0, long_polling=0}

2024-05-27 17:14:12,974 INFO Connection check task start

2024-05-27 17:14:12,974 INFO Long connection metrics detail ,Total count =0, sdkCount=0,clusterCount=0

2024-05-27 17:14:12,974 INFO Out dated connection ,size=0

2024-05-27 17:14:12,974 INFO Connection check task end

2024-05-27 17:14:14,885 INFO ConnectionMetrics, totalCount = 0, detail = {long_connection=0, long_polling=0}

2024-05-27 17:14:15,974 INFO Connection check task start

2024-05-27 17:14:15,974 INFO Long connection metrics detail ,Total count =0, sdkCount=0,clusterCount=0

2024-05-27 17:14:15,974 INFO Out dated connection ,size=0

2024-05-27 17:14:15,974 INFO Connection check task end

2024-05-27 17:14:17,886 INFO ConnectionMetrics, totalCount = 0, detail = {long_connection=0, long_polling=0}

2024-05-27 17:14:18,975 INFO Connection check task start

2024-05-27 17:14:18,975 INFO Long connection metrics detail ,Total count =0, sdkCount=0,clusterCount=0

2024-05-27 17:14:18,975 INFO Out dated connection ,size=0

2024-05-27 17:14:18,975 INFO Connection check task end

2024-05-27 17:14:20,886 INFO ConnectionMetrics, totalCount = 0, detail = {long_connection=0, long_polling=0}

2024-05-27 17:14:21,975 INFO Connection check task start

2024-05-27 17:14:21,975 INFO Long connection metrics detail ,Total count =0, sdkCount=0,clusterCount=0

2024-05-27 17:14:21,975 INFO Out dated connection ,size=0

2024-05-27 17:14:21,975 INFO Connection check task end

2024-05-27 17:14:23,886 INFO ConnectionMetrics, totalCount = 0, detail = {long_connection=0, long_polling=0}

2024-05-27 17:14:24,975 INFO Connection check task start

2024-05-27 17:14:24,975 INFO Long connection metrics detail ,Total count =0, sdkCount=0,clusterCount=0

2024-05-27 17:14:24,976 INFO Out dated connection ,size=0

2024-05-27 17:14:24,976 INFO Connection check task end

2024-05-27 17:14:26,887 INFO ConnectionMetrics, totalCount = 0, detail = {long_connection=0, long_polling=0}

2024-05-27 17:14:27,976 INFO Connection check task start

2024-05-27 17:14:27,976 INFO Long connection metrics detail ,Total count =0, sdkCount=0,clusterCount=0

2024-05-27 17:14:27,976 INFO Out dated connection ,size=0

2024-05-27 17:14:27,976 INFO Connection check task end

2024-05-27 17:14:29,887 INFO ConnectionMetrics, totalCount = 0, detail = {long_connection=0, long_polling=0}

2024-05-27 17:14:30,976 INFO Connection check task start

2024-05-27 17:14:30,976 INFO Long connection metrics detail ,Total count =0, sdkCount=0,clusterCount=0

2024-05-27 17:14:30,976 INFO Out dated connection ,size=0

2024-05-27 17:14:30,976 INFO Connection check task end

2024-05-27 17:14:32,887 INFO ConnectionMetrics, totalCount = 0, detail = {long_connection=0, long_polling=0}

2024-05-27 17:14:33,977 INFO Connection check task start

2024-05-27 17:14:33,977 INFO Long connection metrics detail ,Total count =0, sdkCount=0,clusterCount=0

2024-05-27 17:14:33,977 INFO Out dated connection ,size=0

2024-05-27 17:14:33,977 INFO Connection check task end

2024-05-27 17:14:35,888 INFO ConnectionMetrics, totalCount = 0, detail = {long_connection=0, long_polling=0}

2024-05-27 17:14:36,977 INFO Connection check task start

2024-05-27 17:14:36,977 INFO Long connection metrics detail ,Total count =0, sdkCount=0,clusterCount=0

2024-05-27 17:14:36,977 INFO Out dated connection ,size=0

2024-05-27 17:14:36,977 INFO Connection check task end

2024-05-27 17:14:38,888 INFO ConnectionMetrics, totalCount = 0, detail = {long_connection=0, long_polling=0}

2024-05-27 17:14:39,977 INFO Connection check task start

2024-05-27 17:14:39,977 INFO Long connection metrics detail ,Total count =0, sdkCount=0,clusterCount=0

2024-05-27 17:14:39,978 INFO Out dated connection ,size=0

2024-05-27 17:14:39,978 INFO Connection check task end

2024-05-27 17:14:41,888 INFO ConnectionMetrics, totalCount = 0, detail = {long_connection=0, long_polling=0}

2024-05-27 17:14:42,978 INFO Connection check task start

2024-05-27 17:14:42,978 INFO Long connection metrics detail ,Total count =0, sdkCount=0,clusterCount=0

2024-05-27 17:14:42,978 INFO Out dated connection ,size=0

2024-05-27 17:14:42,978 INFO Connection check task end

2024-05-27 17:14:44,889 INFO ConnectionMetrics, totalCount = 0, detail = {long_connection=0, long_polling=0}

2024-05-27 17:14:45,978 INFO Connection check task start

2024-05-27 17:14:45,978 INFO Long connection metrics detail ,Total count =0, sdkCount=0,clusterCount=0

2024-05-27 17:14:45,978 INFO Out dated connection ,size=0

2024-05-27 17:14:45,978 INFO Connection check task end

2024-05-27 17:14:47,889 INFO ConnectionMetrics, totalCount = 0, detail = {long_connection=0, long_polling=0}

2024-05-27 17:14:48,979 INFO Connection check task start

2024-05-27 17:14:48,979 INFO Long connection metrics detail ,Total count =0, sdkCount=0,clusterCount=0

2024-05-27 17:14:48,979 INFO Out dated connection ,size=0

2024-05-27 17:14:48,979 INFO Connection check task end

2024-05-27 17:14:50,890 INFO ConnectionMetrics, totalCount = 0, detail = {long_connection=0, long_polling=0}

2024-05-27 17:14:51,979 INFO Connection check task start

2024-05-27 17:14:51,979 INFO Long connection metrics detail ,Total count =0, sdkCount=0,clusterCount=0

2024-05-27 17:14:51,979 INFO Out dated connection ,size=0

2024-05-27 17:14:51,979 INFO Connection check task end

2024-05-27 17:14:53,890 INFO ConnectionMetrics, totalCount = 0, detail = {long_connection=0, long_polling=0}

2024-05-27 17:14:54,979 INFO Connection check task start

2024-05-27 17:14:54,979 INFO Long connection metrics detail ,Total count =0, sdkCount=0,clusterCount=0

2024-05-27 17:14:54,979 INFO Out dated connection ,size=0

2024-05-27 17:14:54,979 INFO Connection check task end

2024-05-27 17:14:56,890 INFO ConnectionMetrics, totalCount = 0, detail = {long_connection=0, long_polling=0}

2024-05-27 17:14:57,980 INFO Connection check task start

2024-05-27 17:14:57,980 INFO Long connection metrics detail ,Total count =0, sdkCount=0,clusterCount=0

2024-05-27 17:14:57,980 INFO Out dated connection ,size=0

2024-05-27 17:14:57,980 INFO Connection check task end

2024-05-27 17:14:59,891 INFO ConnectionMetrics, totalCount = 0, detail = {long_connection=0, long_polling=0}

2024-05-27 17:15:00,980 INFO Connection check task start

2024-05-27 17:15:00,980 INFO Long connection metrics detail ,Total count =0, sdkCount=0,clusterCount=0

2024-05-27 17:15:00,980 INFO Out dated connection ,size=0

2024-05-27 17:15:00,980 INFO Connection check task end

2024-05-27 17:15:02,891 INFO ConnectionMetrics, totalCount = 0, detail = {long_connection=0, long_polling=0}

2024-05-27 17:15:03,980 INFO Connection check task start

2024-05-27 17:15:03,980 INFO Long connection metrics detail ,Total count =0, sdkCount=0,clusterCount=0

2024-05-27 17:15:03,980 INFO Out dated connection ,size=0

2024-05-27 17:15:03,980 INFO Connection check task end

2024-05-27 17:15:05,891 INFO ConnectionMetrics, totalCount = 0, detail = {long_connection=0, long_polling=0}

2024-05-27 17:15:06,981 INFO Connection check task start

2024-05-27 17:15:06,981 INFO Long connection metrics detail ,Total count =0, sdkCount=0,clusterCount=0

2024-05-27 17:15:06,981 INFO Out dated connection ,size=0

2024-05-27 17:15:06,981 INFO Connection check task end

2024-05-27 17:15:08,892 INFO ConnectionMetrics, totalCount = 0, detail = {long_connection=0, long_polling=0}

2024-05-27 17:15:09,981 INFO Connection check task start

2024-05-27 17:15:09,981 INFO Long connection metrics detail ,Total count =0, sdkCount=0,clusterCount=0

2024-05-27 17:15:09,981 INFO Out dated connection ,size=0

2024-05-27 17:15:09,981 INFO Connection check task end

2024-05-27 17:15:11,892 INFO ConnectionMetrics, totalCount = 0, detail = {long_connection=0, long_polling=0}

2024-05-27 17:15:12,981 INFO Connection check task start

2024-05-27 17:15:12,982 INFO Long connection metrics detail ,Total count =0, sdkCount=0,clusterCount=0

2024-05-27 17:15:12,982 INFO Out dated connection ,size=0

2024-05-27 17:15:12,982 INFO Connection check task end

2024-05-27 17:15:14,772 INFO Initializing Spring DispatcherServlet 'dispatcherServlet'

2024-05-27 17:15:14,772 INFO Initializing Servlet 'dispatcherServlet'

2024-05-27 17:15:14,774 INFO Completed initialization in 2 ms

2024-05-27 17:15:14,783 INFO Get ParamCheck config from env, ParamCheckConfig{paramCheckEnabled=trueactiveParamChecker=default}

2024-05-27 17:15:14,892 INFO ConnectionMetrics, totalCount = 0, detail = {long_connection=0, long_polling=0}

2024-05-27 17:15:15,172 INFO [AuthPluginManager] Load AuthPluginService(class com.alibaba.nacos.plugin.auth.impl.NacosAuthPluginService) AuthServiceName(nacos) successfully.

2024-05-27 17:15:15,172 INFO [AuthPluginManager] Load AuthPluginService(class com.alibaba.nacos.plugin.auth.impl.LdapAuthPluginService) AuthServiceName(ldap) successfully.

2024-05-27 17:15:15,982 INFO Connection check task start

2024-05-27 17:15:15,982 INFO Long connection metrics detail ,Total count =0, sdkCount=0,clusterCount=0

2024-05-27 17:15:15,982 INFO Out dated connection ,size=0

2024-05-27 17:15:15,982 INFO Connection check task end

2024-05-27 17:15:17,893 INFO ConnectionMetrics, totalCount = 0, detail = {long_connection=0, long_polling=0}

2024-05-27 17:15:18,982 INFO Connection check task start

2024-05-27 17:15:18,982 INFO Long connection metrics detail ,Total count =0, sdkCount=0,clusterCount=0

2024-05-27 17:15:18,982 INFO Out dated connection ,size=0

2024-05-27 17:15:18,982 INFO Connection check task end

2024-05-27 17:15:20,893 INFO ConnectionMetrics, totalCount = 0, detail = {long_connection=0, long_polling=0}

2024-05-27 17:15:21,982 INFO Connection check task start

2024-05-27 17:15:21,983 INFO Long connection metrics detail ,Total count =0, sdkCount=0,clusterCount=0

2024-05-27 17:15:21,983 INFO Out dated connection ,size=0

2024-05-27 17:15:21,983 INFO Connection check task end

2024-05-27 17:15:23,893 INFO ConnectionMetrics, totalCount = 0, detail = {long_connection=0, long_polling=0}

2024-05-27 17:15:24,983 INFO Connection check task start

2024-05-27 17:15:24,983 INFO Long connection metrics detail ,Total count =0, sdkCount=0,clusterCount=0

2024-05-27 17:15:24,983 INFO Out dated connection ,size=0

2024-05-27 17:15:24,983 INFO Connection check task end

2024-05-27 17:15:26,894 INFO ConnectionMetrics, totalCount = 0, detail = {long_connection=0, long_polling=0}

2024-05-27 17:15:27,984 INFO Connection check task start

2024-05-27 17:15:27,984 INFO Long connection metrics detail ,Total count =0, sdkCount=0,clusterCount=0

2024-05-27 17:15:27,984 INFO Out dated connection ,size=0

2024-05-27 17:15:27,984 INFO Connection check task end

2024-05-27 17:15:29,894 INFO ConnectionMetrics, totalCount = 0, detail = {long_connection=0, long_polling=0}

2024-05-27 17:15:30,984 INFO Connection check task start

2024-05-27 17:15:30,984 INFO Long connection metrics detail ,Total count =0, sdkCount=0,clusterCount=0

2024-05-27 17:15:30,984 INFO Out dated connection ,size=0

2024-05-27 17:15:30,984 INFO Connection check task end

2024-05-27 17:15:32,895 INFO ConnectionMetrics, totalCount = 0, detail = {long_connection=0, long_polling=0}

2024-05-27 17:15:33,984 INFO Connection check task start

2024-05-27 17:15:33,984 INFO Long connection metrics detail ,Total count =0, sdkCount=0,clusterCount=0

2024-05-27 17:15:33,984 INFO Out dated connection ,size=0

2024-05-27 17:15:33,984 INFO Connection check task end

2024-05-27 17:15:35,895 INFO ConnectionMetrics, totalCount = 0, detail = {long_connection=0, long_polling=0}

2024-05-27 17:15:36,984 INFO Connection check task start

2024-05-27 17:15:36,984 INFO Long connection metrics detail ,Total count =0, sdkCount=0,clusterCount=0

2024-05-27 17:15:36,985 INFO Out dated connection ,size=0

2024-05-27 17:15:36,985 INFO Connection check task end

2024-05-27 17:15:38,895 INFO ConnectionMetrics, totalCount = 0, detail = {long_connection=0, long_polling=0}

2024-05-27 17:15:39,985 INFO Connection check task start

2024-05-27 17:15:39,985 INFO Long connection metrics detail ,Total count =0, sdkCount=0,clusterCount=0

2024-05-27 17:15:39,985 INFO Out dated connection ,size=0

2024-05-27 17:15:39,985 INFO Connection check task end

2024-05-27 17:15:41,896 INFO ConnectionMetrics, totalCount = 0, detail = {long_connection=0, long_polling=0}

2024-05-27 17:15:42,985 INFO Connection check task start

2024-05-27 17:15:42,985 INFO Long connection metrics detail ,Total count =0, sdkCount=0,clusterCount=0

2024-05-27 17:15:42,985 INFO Out dated connection ,size=0

2024-05-27 17:15:42,985 INFO Connection check task end

2024-05-27 17:15:44,896 INFO ConnectionMetrics, totalCount = 0, detail = {long_connection=0, long_polling=0}

2024-05-27 17:15:45,985 INFO Connection check task start

2024-05-27 17:15:45,985 INFO Long connection metrics detail ,Total count =0, sdkCount=0,clusterCount=0

2024-05-27 17:15:45,986 INFO Out dated connection ,size=0

2024-05-27 17:15:45,986 INFO Connection check task end

2024-05-27 17:15:47,897 INFO ConnectionMetrics, totalCount = 0, detail = {long_connection=0, long_polling=0}

2024-05-27 17:15:48,986 INFO Connection check task start

2024-05-27 17:15:48,986 INFO Long connection metrics detail ,Total count =0, sdkCount=0,clusterCount=0

2024-05-27 17:15:48,986 INFO Out dated connection ,size=0

2024-05-27 17:15:48,986 INFO Connection check task end

2024-05-27 17:15:50,897 INFO ConnectionMetrics, totalCount = 0, detail = {long_connection=0, long_polling=0}

2024-05-27 17:15:51,986 INFO Connection check task start

2024-05-27 17:15:51,986 INFO Long connection metrics detail ,Total count =0, sdkCount=0,clusterCount=0

2024-05-27 17:15:51,986 INFO Out dated connection ,size=0

2024-05-27 17:15:51,986 INFO Connection check task end

2024-05-27 17:15:53,897 INFO ConnectionMetrics, totalCount = 0, detail = {long_connection=0, long_polling=0}

2024-05-27 17:15:54,986 INFO Connection check task start

2024-05-27 17:15:54,986 INFO Long connection metrics detail ,Total count =0, sdkCount=0,clusterCount=0

2024-05-27 17:15:54,986 INFO Out dated connection ,size=0

2024-05-27 17:15:54,986 INFO Connection check task end

2024-05-27 17:15:56,898 INFO ConnectionMetrics, totalCount = 0, detail = {long_connection=0, long_polling=0}

2024-05-27 17:15:57,987 INFO Connection check task start

2024-05-27 17:15:57,987 INFO Long connection metrics detail ,Total count =0, sdkCount=0,clusterCount=0

2024-05-27 17:15:57,987 INFO Out dated connection ,size=0

2024-05-27 17:15:57,987 INFO Connection check task end

2024-05-27 17:15:59,898 INFO ConnectionMetrics, totalCount = 0, detail = {long_connection=0, long_polling=0}

2024-05-27 17:16:00,987 INFO Connection check task start

2024-05-27 17:16:00,987 INFO Long connection metrics detail ,Total count =0, sdkCount=0,clusterCount=0

2024-05-27 17:16:00,987 INFO Out dated connection ,size=0

2024-05-27 17:16:00,987 INFO Connection check task end

2024-05-27 17:16:02,898 INFO ConnectionMetrics, totalCount = 0, detail = {long_connection=0, long_polling=0}

2024-05-27 17:16:03,987 INFO Connection check task start

2024-05-27 17:16:03,988 INFO Long connection metrics detail ,Total count =0, sdkCount=0,clusterCount=0

2024-05-27 17:16:03,988 INFO Out dated connection ,size=0

2024-05-27 17:16:03,988 INFO Connection check task end

2024-05-27 17:16:05,899 INFO ConnectionMetrics, totalCount = 0, detail = {long_connection=0, long_polling=0}

2024-05-27 17:16:06,988 INFO Connection check task start

2024-05-27 17:16:06,988 INFO Long connection metrics detail ,Total count =0, sdkCount=0,clusterCount=0

2024-05-27 17:16:06,988 INFO Out dated connection ,size=0

2024-05-27 17:16:06,988 INFO Connection check task end

2024-05-27 17:16:08,899 INFO ConnectionMetrics, totalCount = 0, detail = {long_connection=0, long_polling=0}

2024-05-27 17:16:09,988 INFO Connection check task start

2024-05-27 17:16:09,988 INFO Long connection metrics detail ,Total count =0, sdkCount=0,clusterCount=0

2024-05-27 17:16:09,988 INFO Out dated connection ,size=0

2024-05-27 17:16:09,988 INFO Connection check task end

2024-05-27 17:16:11,900 INFO ConnectionMetrics, totalCount = 0, detail = {long_connection=0, long_polling=0}

2024-05-27 17:16:12,988 INFO Connection check task start

2024-05-27 17:16:12,988 INFO Long connection metrics detail ,Total count =0, sdkCount=0,clusterCount=0

2024-05-27 17:16:12,988 INFO Out dated connection ,size=0

2024-05-27 17:16:12,988 INFO Connection check task end

2024-05-27 17:16:14,896 WARN [NotifyCenter] Start destroying Publisher

2024-05-27 17:16:14,896 WARN [NotifyCenter] Destruction of the end

2024-05-27 17:16:14,897 WARN [WatchFileCenter] start close

2024-05-27 17:16:14,897 WARN [WatchFileCenter] start to shutdown this watcher which is watch : /home/nacos/conf

2024-05-27 17:16:14,897 WARN [ThreadPoolManager] Start destroying ThreadPool

2024-05-27 17:16:14,899 INFO Stopping service [Tomcat]

2024-05-27 17:16:14,900 INFO ConnectionMetrics, totalCount = 0, detail = {long_connection=0, long_polling=0}

2024-05-27 17:16:14,900 WARN [HttpClientBeanHolder] Start destroying common HttpClient

2024-05-27 17:16:14,901 INFO Destroying Spring FrameworkServlet 'dispatcherServlet'

2024-05-27 17:16:14,904 WARN [HttpClientBeanHolder] Destruction of the end

2024-05-27 17:16:14,905 WARN [WatchFileCenter] already closed

2024-05-27 17:17:35,587 INFO Starting Nacos v2.3.1 using Java 1.8.0_402 on a073025e3b70 with PID 1 (/home/nacos/target/nacos-server.jar started by root in /home/nacos)

2024-05-27 17:17:35,595 INFO The following 1 profile is active: "standalone"

2024-05-27 17:17:35,701 INFO Load Nacos package exclude filter success, package prefix com.alibaba.nacos.config.server, filter com.alibaba.nacos.config.server.filter.ConfigEnabledFilter

2024-05-27 17:17:35,702 INFO Load Nacos package exclude filter success, package prefix com.alibaba.nacos.naming, filter com.alibaba.nacos.naming.config.NamingEnabledFilter

2024-05-27 17:17:35,702 INFO Load Nacos package exclude filter success, package prefix com.alibaba.nacos.istio, filter com.alibaba.nacos.istio.config.IstioEnabledFilter

2024-05-27 17:17:35,896 INFO Skip @SpringBootApplication annotation for class com.alibaba.nacos.config.server.Config to avoid duplicate scan

2024-05-27 17:17:36,003 INFO Skip @SpringBootApplication annotation for class com.alibaba.nacos.naming.NamingApp to avoid duplicate scan

2024-05-27 17:17:36,014 INFO Skip @SpringBootApplication annotation for class com.alibaba.nacos.cmdb.CmdbApp to avoid duplicate scan

2024-05-27 17:17:36,024 WARN Istio module disabled because set nacos.extension.naming.istio.enabled as false

2024-05-27 17:17:36,025 WARN Istio module disabled because set nacos.extension.naming.istio.enabled as false

2024-05-27 17:17:36,025 WARN Istio module disabled because set nacos.extension.naming.istio.enabled as false

2024-05-27 17:17:36,025 WARN Istio module disabled because set nacos.extension.naming.istio.enabled as false

2024-05-27 17:17:36,025 WARN Istio module disabled because set nacos.extension.naming.istio.enabled as false

2024-05-27 17:17:36,025 WARN Istio module disabled because set nacos.extension.naming.istio.enabled as false

2024-05-27 17:17:36,025 WARN Istio module disabled because set nacos.extension.naming.istio.enabled as false

2024-05-27 17:17:36,026 WARN Istio module disabled because set nacos.extension.naming.istio.enabled as false

2024-05-27 17:17:36,026 WARN Istio module disabled because set nacos.extension.naming.istio.enabled as false

2024-05-27 17:17:36,026 WARN Istio module disabled because set nacos.extension.naming.istio.enabled as false

2024-05-27 17:17:36,026 WARN Istio module disabled because set nacos.extension.naming.istio.enabled as false

2024-05-27 17:17:36,026 WARN Istio module disabled because set nacos.extension.naming.istio.enabled as false

2024-05-27 17:17:36,027 WARN Istio module disabled because set nacos.extension.naming.istio.enabled as false

2024-05-27 17:17:36,027 WARN Istio module disabled because set nacos.extension.naming.istio.enabled as false

2024-05-27 17:17:36,027 WARN Istio module disabled because set nacos.extension.naming.istio.enabled as false

2024-05-27 17:17:36,027 WARN Istio module disabled because set nacos.extension.naming.istio.enabled as false

2024-05-27 17:17:36,027 WARN Istio module disabled because set nacos.extension.naming.istio.enabled as false

2024-05-27 17:17:36,027 WARN Istio module disabled because set nacos.extension.naming.istio.enabled as false

2024-05-27 17:17:36,028 WARN Istio module disabled because set nacos.extension.naming.istio.enabled as false

2024-05-27 17:17:36,028 WARN Istio module disabled because set nacos.extension.naming.istio.enabled as false

2024-05-27 17:17:36,028 WARN Istio module disabled because set nacos.extension.naming.istio.enabled as false

2024-05-27 17:17:36,028 WARN Istio module disabled because set nacos.extension.naming.istio.enabled as false

2024-05-27 17:17:36,028 WARN Istio module disabled because set nacos.extension.naming.istio.enabled as false

2024-05-27 17:17:36,028 WARN Istio module disabled because set nacos.extension.naming.istio.enabled as false

2024-05-27 17:17:36,029 WARN Istio module disabled because set nacos.extension.naming.istio.enabled as false

2024-05-27 17:17:36,029 INFO Skip @SpringBootApplication annotation for class com.alibaba.nacos.istio.IstioApp to avoid duplicate scan

2024-05-27 17:17:36,029 WARN Istio module disabled because set nacos.extension.naming.istio.enabled as false

2024-05-27 17:17:36,029 WARN Istio module disabled because set nacos.extension.naming.istio.enabled as false

2024-05-27 17:17:36,029 WARN Istio module disabled because set nacos.extension.naming.istio.enabled as false

2024-05-27 17:17:36,030 WARN Istio module disabled because set nacos.extension.naming.istio.enabled as false

2024-05-27 17:17:36,030 WARN Istio module disabled because set nacos.extension.naming.istio.enabled as false

2024-05-27 17:17:36,030 WARN Istio module disabled because set nacos.extension.naming.istio.enabled as false

2024-05-27 17:17:36,030 WARN Istio module disabled because set nacos.extension.naming.istio.enabled as false

2024-05-27 17:17:36,030 WARN Istio module disabled because set nacos.extension.naming.istio.enabled as false

2024-05-27 17:17:36,031 WARN Istio module disabled because set nacos.extension.naming.istio.enabled as false

2024-05-27 17:17:36,031 WARN Istio module disabled because set nacos.extension.naming.istio.enabled as false

2024-05-27 17:17:36,031 WARN Istio module disabled because set nacos.extension.naming.istio.enabled as false

2024-05-27 17:17:36,299 INFO Skip @SpringBootApplication annotation for class com.alibaba.nacos.prometheus.PrometheusApp to avoid duplicate scan

2024-05-27 17:17:37,844 INFO Tomcat initialized with port(s): 8848 (http)

2024-05-27 17:17:37,851 INFO Starting service [Tomcat]

2024-05-27 17:17:37,852 INFO Starting Servlet engine: [Apache Tomcat/9.0.83]

2024-05-27 17:17:37,902 INFO Initializing Spring embedded WebApplicationContext

2024-05-27 17:17:37,902 INFO Root WebApplicationContext: initialization completed in 2261 ms

2024-05-27 17:17:38,102 INFO Nacos-related cluster resource initialization

2024-05-27 17:17:38,108 INFO Load com.alibaba.nacos.core.ability.RemoteAbilityInitializer for ServerAbilityInitializer

2024-05-27 17:17:38,108 INFO Load com.alibaba.nacos.naming.ability.NamingAbilityInitializer for ServerAbilityInitializer

2024-05-27 17:17:38,110 INFO The cluster resource is initialized

2024-05-27 17:17:38,309 INFO HikariPool-1 - Starting...

2024-05-27 17:17:38,484 INFO HikariPool-1 - Start completed.

2024-05-27 17:17:39,221 INFO [MapperManager] Load Mapper(class com.alibaba.nacos.plugin.datasource.impl.mysql.ConfigInfoAggrMapperByMySql) datasource(mysql) tableName(config_info_aggr) successfully.

2024-05-27 17:17:39,222 INFO [MapperManager] Load Mapper(class com.alibaba.nacos.plugin.datasource.impl.mysql.ConfigInfoBetaMapperByMySql) datasource(mysql) tableName(config_info_beta) successfully.

2024-05-27 17:17:39,222 INFO [MapperManager] Load Mapper(class com.alibaba.nacos.plugin.datasource.impl.mysql.ConfigInfoMapperByMySql) datasource(mysql) tableName(config_info) successfully.

2024-05-27 17:17:39,222 INFO [MapperManager] Load Mapper(class com.alibaba.nacos.plugin.datasource.impl.mysql.ConfigInfoTagMapperByMySql) datasource(mysql) tableName(config_info_tag) successfully.

2024-05-27 17:17:39,222 INFO [MapperManager] Load Mapper(class com.alibaba.nacos.plugin.datasource.impl.mysql.ConfigTagsRelationMapperByMySql) datasource(mysql) tableName(config_tags_relation) successfully.

2024-05-27 17:17:39,222 INFO [MapperManager] Load Mapper(class com.alibaba.nacos.plugin.datasource.impl.mysql.HistoryConfigInfoMapperByMySql) datasource(mysql) tableName(his_config_info) successfully.

2024-05-27 17:17:39,222 INFO [MapperManager] Load Mapper(class com.alibaba.nacos.plugin.datasource.impl.mysql.TenantInfoMapperByMySql) datasource(mysql) tableName(tenant_info) successfully.

2024-05-27 17:17:39,222 INFO [MapperManager] Load Mapper(class com.alibaba.nacos.plugin.datasource.impl.mysql.TenantCapacityMapperByMySql) datasource(mysql) tableName(tenant_capacity) successfully.

2024-05-27 17:17:39,222 INFO [MapperManager] Load Mapper(class com.alibaba.nacos.plugin.datasource.impl.mysql.GroupCapacityMapperByMysql) datasource(mysql) tableName(group_capacity) successfully.

2024-05-27 17:17:39,222 INFO [MapperManager] Load Mapper(class com.alibaba.nacos.plugin.datasource.impl.derby.ConfigInfoAggrMapperByDerby) datasource(derby) tableName(config_info_aggr) successfully.

2024-05-27 17:17:39,222 INFO [MapperManager] Load Mapper(class com.alibaba.nacos.plugin.datasource.impl.derby.ConfigInfoBetaMapperByDerby) datasource(derby) tableName(config_info_beta) successfully.

2024-05-27 17:17:39,223 INFO [MapperManager] Load Mapper(class com.alibaba.nacos.plugin.datasource.impl.derby.ConfigInfoMapperByDerby) datasource(derby) tableName(config_info) successfully.

2024-05-27 17:17:39,223 INFO [MapperManager] Load Mapper(class com.alibaba.nacos.plugin.datasource.impl.derby.ConfigInfoTagMapperByDerby) datasource(derby) tableName(config_info_tag) successfully.

2024-05-27 17:17:39,223 INFO [MapperManager] Load Mapper(class com.alibaba.nacos.plugin.datasource.impl.derby.ConfigInfoTagsRelationMapperByDerby) datasource(derby) tableName(config_tags_relation) successfully.

2024-05-27 17:17:39,223 INFO [MapperManager] Load Mapper(class com.alibaba.nacos.plugin.datasource.impl.derby.HistoryConfigInfoMapperByDerby) datasource(derby) tableName(his_config_info) successfully.

2024-05-27 17:17:39,223 INFO [MapperManager] Load Mapper(class com.alibaba.nacos.plugin.datasource.impl.derby.TenantInfoMapperByDerby) datasource(derby) tableName(tenant_info) successfully.

2024-05-27 17:17:39,223 INFO [MapperManager] Load Mapper(class com.alibaba.nacos.plugin.datasource.impl.derby.TenantCapacityMapperByDerby) datasource(derby) tableName(tenant_capacity) successfully.

2024-05-27 17:17:39,223 INFO [MapperManager] Load Mapper(class com.alibaba.nacos.plugin.datasource.impl.derby.GroupCapacityMapperByDerby) datasource(derby) tableName(group_capacity) successfully.

2024-05-27 17:17:39,442 INFO Not configure type of control plugin, no limit control for current node.

2024-05-27 17:17:39,444 INFO Load connection metrics collector,size=2,[com.alibaba.nacos.config.server.service.LongPollingConnectionMetricsCollector@34997338, com.alibaba.nacos.core.remote.LongConnectionMetricsCollector@2b5825fa]

2024-05-27 17:17:39,444 INFO No connection rule content found ,use default empty rule 

2024-05-27 17:17:39,455 INFO Fail to find connection runtime ejector for name nacos,use default

2024-05-27 17:17:39,461 INFO No tps control rule of CONFIG_PUSH_COUNT found,content =null  

2024-05-27 17:17:39,461 WARN Tps point for CONFIG_PUSH_COUNT registered, But tps control manager is no limit implementation.

2024-05-27 17:17:39,461 INFO No tps control rule of CONFIG_PUSH_SUCCESS found,content =null  

2024-05-27 17:17:39,461 WARN Tps point for CONFIG_PUSH_SUCCESS registered, But tps control manager is no limit implementation.

2024-05-27 17:17:39,461 INFO No tps control rule of CONFIG_PUSH_FAIL found,content =null  

2024-05-27 17:17:39,461 WARN Tps point for CONFIG_PUSH_FAIL registered, But tps control manager is no limit implementation.

2024-05-27 17:17:39,527 INFO ConnectionMetrics, totalCount = 0, detail = {long_connection=0, long_polling=0}

2024-05-27 17:17:39,968 INFO Ready to get current node abilities...

2024-05-27 17:17:39,971 INFO Ready to initialize current node abilities, support modes: [SERVER, SDK_CLIENT, CLUSTER_CLIENT]

2024-05-27 17:17:39,971 INFO Initialize current abilities finish...

2024-05-27 17:17:39,972 INFO Ready to get current node abilities...

2024-05-27 17:17:39,973 INFO Ready to initialize current node abilities, support modes: [SDK_CLIENT]

2024-05-27 17:17:39,973 INFO Initialize current abilities finish...

2024-05-27 17:17:39,973 INFO [AbilityControlManager] Successfully initialize AbilityControlManager

2024-05-27 17:17:40,456 INFO Connection check task start

2024-05-27 17:17:40,456 INFO Long connection metrics detail ,Total count =0, sdkCount=0,clusterCount=0

2024-05-27 17:17:40,456 INFO Out dated connection ,size=0

2024-05-27 17:17:40,456 INFO Connection check task end

2024-05-27 17:17:40,903 INFO Will secure any request with [org.springframework.security.web.session.DisableEncodeUrlFilter@3104f7bd, org.springframework.security.web.context.request.async.WebAsyncManagerIntegrationFilter@2f5c1332, org.springframework.security.web.context.SecurityContextPersistenceFilter@352e787a, org.springframework.security.web.header.HeaderWriterFilter@5a8ba37c, org.springframework.security.web.csrf.CsrfFilter@6e106680, org.springframework.security.web.authentication.logout.LogoutFilter@719843e5, org.springframework.security.web.savedrequest.RequestCacheAwareFilter@15bc339, org.springframework.security.web.servletapi.SecurityContextHolderAwareRequestFilter@385ef531, org.springframework.security.web.authentication.AnonymousAuthenticationFilter@7ec25216, org.springframework.security.web.session.SessionManagementFilter@232cce0, org.springframework.security.web.access.ExceptionTranslationFilter@55ecbafe]

2024-05-27 17:17:41,280 INFO Adding welcome page: class path resource [static/index.html]

2024-05-27 17:17:41,601 INFO Exposing 1 endpoint(s) beneath base path '/actuator'

2024-05-27 17:17:41,616 WARN You are asking Spring Security to ignore Ant [pattern='/**']. This is not recommended -- please use permitAll via HttpSecurity#authorizeHttpRequests instead.

2024-05-27 17:17:41,616 INFO Will not secure Ant [pattern='/**']

2024-05-27 17:17:41,617 WARN You are asking Spring Security to ignore Mvc [pattern='/prometheus']. This is not recommended -- please use permitAll via HttpSecurity#authorizeHttpRequests instead.

2024-05-27 17:17:41,617 INFO Will not secure Mvc [pattern='/prometheus']

2024-05-27 17:17:41,617 WARN You are asking Spring Security to ignore Mvc [pattern='/prometheus/namespaceId/{namespaceId}']. This is not recommended -- please use permitAll via HttpSecurity#authorizeHttpRequests instead.

2024-05-27 17:17:41,617 INFO Will not secure Mvc [pattern='/prometheus/namespaceId/{namespaceId}']

2024-05-27 17:17:41,617 WARN You are asking Spring Security to ignore Mvc [pattern='/prometheus/namespaceId/{namespaceId}/service/{service}']. This is not recommended -- please use permitAll via HttpSecurity#authorizeHttpRequests instead.

2024-05-27 17:17:41,617 INFO Will not secure Mvc [pattern='/prometheus/namespaceId/{namespaceId}/service/{service}']

2024-05-27 17:17:41,679 INFO Tomcat started on port(s): 8848 (http) with context path '/nacos'

2024-05-27 17:17:41,690 INFO No TaskScheduler/ScheduledExecutorService bean found for scheduled processing

2024-05-27 17:17:41,697 INFO No tps control rule of ConfigQuery found,content =null  

2024-05-27 17:17:41,697 WARN Tps point for ConfigQuery registered, But tps control manager is no limit implementation.

2024-05-27 17:17:41,697 INFO No tps control rule of ClusterConfigChangeNotify found,content =null  

2024-05-27 17:17:41,697 WARN Tps point for ClusterConfigChangeNotify registered, But tps control manager is no limit implementation.

2024-05-27 17:17:41,697 INFO No tps control rule of ConfigListen found,content =null  

2024-05-27 17:17:41,697 WARN Tps point for ConfigListen registered, But tps control manager is no limit implementation.

2024-05-27 17:17:41,698 INFO No tps control rule of ConfigRemove found,content =null  

2024-05-27 17:17:41,698 WARN Tps point for ConfigRemove registered, But tps control manager is no limit implementation.

2024-05-27 17:17:41,698 INFO No tps control rule of ConfigPublish found,content =null  

2024-05-27 17:17:41,698 WARN Tps point for ConfigPublish registered, But tps control manager is no limit implementation.

2024-05-27 17:17:41,698 INFO No tps control rule of HealthCheck found,content =null  

2024-05-27 17:17:41,698 WARN Tps point for HealthCheck registered, But tps control manager is no limit implementation.

2024-05-27 17:17:41,698 INFO No tps control rule of RemoteNamingServiceQuery found,content =null  

2024-05-27 17:17:41,698 WARN Tps point for RemoteNamingServiceQuery registered, But tps control manager is no limit implementation.

2024-05-27 17:17:41,698 INFO No tps control rule of RemoteNamingInstanceBatchRegister found,content =null  

2024-05-27 17:17:41,698 WARN Tps point for RemoteNamingInstanceBatchRegister registered, But tps control manager is no limit implementation.

2024-05-27 17:17:41,698 INFO No tps control rule of RemoteNamingInstanceRegisterDeregister found,content =null  

2024-05-27 17:17:41,698 WARN Tps point for RemoteNamingInstanceRegisterDeregister registered, But tps control manager is no limit implementation.

2024-05-27 17:17:41,698 INFO No tps control rule of RemoteNamingServiceListQuery found,content =null  

2024-05-27 17:17:41,698 WARN Tps point for RemoteNamingServiceListQuery registered, But tps control manager is no limit implementation.

2024-05-27 17:17:41,698 INFO No tps control rule of RemoteNamingServiceSubscribeUnSubscribe found,content =null  

2024-05-27 17:17:41,698 WARN Tps point for RemoteNamingServiceSubscribeUnSubscribe registered, But tps control manager is no limit implementation.

2024-05-27 17:17:41,698 WARN Tps point for RemoteNamingInstanceRegisterDeregister registered, But tps control manager is no limit implementation.

2024-05-27 17:17:41,699 INFO No tps control rule of NamingInstanceQuery found,content =null  

2024-05-27 17:17:41,699 WARN Tps point for NamingInstanceQuery registered, But tps control manager is no limit implementation.

2024-05-27 17:17:41,699 INFO No tps control rule of NamingServiceUpdate found,content =null  

2024-05-27 17:17:41,699 WARN Tps point for NamingServiceUpdate registered, But tps control manager is no limit implementation.

2024-05-27 17:17:41,699 INFO No tps control rule of NamingInstanceUpdate found,content =null  

2024-05-27 17:17:41,699 WARN Tps point for NamingInstanceUpdate registered, But tps control manager is no limit implementation.

2024-05-27 17:17:41,699 INFO No tps control rule of NamingInstanceRegister found,content =null  

2024-05-27 17:17:41,699 WARN Tps point for NamingInstanceRegister registered, But tps control manager is no limit implementation.

2024-05-27 17:17:41,699 INFO No tps control rule of HttpHealthCheck found,content =null  

2024-05-27 17:17:41,699 WARN Tps point for HttpHealthCheck registered, But tps control manager is no limit implementation.

2024-05-27 17:17:41,699 WARN Tps point for HttpHealthCheck registered, But tps control manager is no limit implementation.

2024-05-27 17:17:41,699 INFO No tps control rule of NamingServiceListQuery found,content =null  

2024-05-27 17:17:41,699 WARN Tps point for NamingServiceListQuery registered, But tps control manager is no limit implementation.

2024-05-27 17:17:41,699 WARN Tps point for NamingServiceUpdate registered, But tps control manager is no limit implementation.

2024-05-27 17:17:41,699 INFO No tps control rule of NamingInstanceMetadataUpdate found,content =null  

2024-05-27 17:17:41,699 WARN Tps point for NamingInstanceMetadataUpdate registered, But tps control manager is no limit implementation.

2024-05-27 17:17:41,699 INFO No tps control rule of NamingServiceSubscribe found,content =null  

2024-05-27 17:17:41,699 WARN Tps point for NamingServiceSubscribe registered, But tps control manager is no limit implementation.

2024-05-27 17:17:41,699 WARN Tps point for NamingInstanceUpdate registered, But tps control manager is no limit implementation.

2024-05-27 17:17:41,699 WARN Tps point for NamingInstanceRegister registered, But tps control manager is no limit implementation.

2024-05-27 17:17:41,699 WARN Tps point for ConfigPublish registered, But tps control manager is no limit implementation.

2024-05-27 17:17:41,700 INFO No tps control rule of NamingServiceQuery found,content =null  

2024-05-27 17:17:41,700 WARN Tps point for NamingServiceQuery registered, But tps control manager is no limit implementation.

2024-05-27 17:17:41,700 WARN Tps point for NamingServiceSubscribe registered, But tps control manager is no limit implementation.

2024-05-27 17:17:41,700 INFO No tps control rule of NamingInstanceDeregister found,content =null  

2024-05-27 17:17:41,700 WARN Tps point for NamingInstanceDeregister registered, But tps control manager is no limit implementation.

2024-05-27 17:17:41,700 WARN Tps point for NamingInstanceMetadataUpdate registered, But tps control manager is no limit implementation.

2024-05-27 17:17:41,700 WARN Tps point for NamingServiceQuery registered, But tps control manager is no limit implementation.

2024-05-27 17:17:41,700 INFO No tps control rule of NamingServiceDeregister found,content =null  

2024-05-27 17:17:41,700 WARN Tps point for NamingServiceDeregister registered, But tps control manager is no limit implementation.

2024-05-27 17:17:41,700 INFO No tps control rule of NamingServiceRegister found,content =null  

2024-05-27 17:17:41,700 WARN Tps point for NamingServiceRegister registered, But tps control manager is no limit implementation.

2024-05-27 17:17:41,700 WARN Tps point for NamingInstanceMetadataUpdate registered, But tps control manager is no limit implementation.

2024-05-27 17:17:41,700 WARN Tps point for NamingInstanceDeregister registered, But tps control manager is no limit implementation.

2024-05-27 17:17:41,700 WARN Tps point for NamingServiceRegister registered, But tps control manager is no limit implementation.

2024-05-27 17:17:41,700 WARN Tps point for ConfigQuery registered, But tps control manager is no limit implementation.

2024-05-27 17:17:41,700 WARN Tps point for NamingServiceListQuery registered, But tps control manager is no limit implementation.

2024-05-27 17:17:41,700 WARN Tps point for NamingInstanceQuery registered, But tps control manager is no limit implementation.

2024-05-27 17:17:41,700 WARN Tps point for NamingInstanceMetadataUpdate registered, But tps control manager is no limit implementation.

2024-05-27 17:17:41,700 WARN Tps point for NamingServiceDeregister registered, But tps control manager is no limit implementation.

2024-05-27 17:17:41,703 INFO Started Nacos in 6.79 seconds (JVM running for 7.21)

2024-05-27 17:17:41,704 INFO Nacos started successfully in stand alone mode. use external storage

2024-05-27 17:17:42,527 INFO ConnectionMetrics, totalCount = 0, detail = {long_connection=0, long_polling=0}

2024-05-27 17:17:43,467 INFO Connection check task start

2024-05-27 17:17:43,468 INFO Long connection metrics detail ,Total count =0, sdkCount=0,clusterCount=0

2024-05-27 17:17:43,468 INFO Out dated connection ,size=0

2024-05-27 17:17:43,468 INFO Connection check task end

2024-05-27 17:17:45,528 INFO ConnectionMetrics, totalCount = 0, detail = {long_connection=0, long_polling=0}

2024-05-27 17:17:46,468 INFO Connection check task start

2024-05-27 17:17:46,468 INFO Long connection metrics detail ,Total count =0, sdkCount=0,clusterCount=0

2024-05-27 17:17:46,468 INFO Out dated connection ,size=0

2024-05-27 17:17:46,468 INFO Connection check task end

2024-05-27 17:17:48,528 INFO ConnectionMetrics, totalCount = 0, detail = {long_connection=0, long_polling=0}

2024-05-27 17:17:49,468 INFO Connection check task start

2024-05-27 17:17:49,468 INFO Long connection metrics detail ,Total count =0, sdkCount=0,clusterCount=0

2024-05-27 17:17:49,469 INFO Out dated connection ,size=0

2024-05-27 17:17:49,469 INFO Connection check task end

2024-05-27 17:17:51,251 INFO Initializing Spring DispatcherServlet 'dispatcherServlet'

2024-05-27 17:17:51,251 INFO Initializing Servlet 'dispatcherServlet'

2024-05-27 17:17:51,252 INFO Completed initialization in 1 ms

2024-05-27 17:17:51,263 INFO Get ParamCheck config from env, ParamCheckConfig{paramCheckEnabled=trueactiveParamChecker=default}

2024-05-27 17:17:51,529 INFO ConnectionMetrics, totalCount = 0, detail = {long_connection=0, long_polling=0}

2024-05-27 17:17:51,588 INFO [AuthPluginManager] Load AuthPluginService(class com.alibaba.nacos.plugin.auth.impl.NacosAuthPluginService) AuthServiceName(nacos) successfully.

2024-05-27 17:17:51,588 INFO [AuthPluginManager] Load AuthPluginService(class com.alibaba.nacos.plugin.auth.impl.LdapAuthPluginService) AuthServiceName(ldap) successfully.

2024-05-27 17:17:52,469 INFO Connection check task start

2024-05-27 17:17:52,469 INFO Long connection metrics detail ,Total count =0, sdkCount=0,clusterCount=0

2024-05-27 17:17:52,469 INFO Out dated connection ,size=0

2024-05-27 17:17:52,469 INFO Connection check task end

2024-05-27 17:17:54,529 INFO ConnectionMetrics, totalCount = 0, detail = {long_connection=0, long_polling=0}

2024-05-27 17:17:55,469 INFO Connection check task start

2024-05-27 17:17:55,469 INFO Long connection metrics detail ,Total count =0, sdkCount=0,clusterCount=0

2024-05-27 17:17:55,469 INFO Out dated connection ,size=0

2024-05-27 17:17:55,470 INFO Connection check task end

2024-05-27 17:17:57,529 INFO ConnectionMetrics, totalCount = 0, detail = {long_connection=0, long_polling=0}

2024-05-27 17:17:58,470 INFO Connection check task start

2024-05-27 17:17:58,470 INFO Long connection metrics detail ,Total count =0, sdkCount=0,clusterCount=0

2024-05-27 17:17:58,470 INFO Out dated connection ,size=0

2024-05-27 17:17:58,470 INFO Connection check task end

2024-05-27 17:18:00,530 INFO ConnectionMetrics, totalCount = 0, detail = {long_connection=0, long_polling=0}

2024-05-27 17:18:01,470 INFO Connection check task start

2024-05-27 17:18:01,470 INFO Long connection metrics detail ,Total count =0, sdkCount=0,clusterCount=0

2024-05-27 17:18:01,470 INFO Out dated connection ,size=0

2024-05-27 17:18:01,470 INFO Connection check task end

2024-05-27 17:18:03,531 INFO ConnectionMetrics, totalCount = 0, detail = {long_connection=0, long_polling=0}

2024-05-27 17:18:04,471 INFO Connection check task start

2024-05-27 17:18:04,471 INFO Long connection metrics detail ,Total count =0, sdkCount=0,clusterCount=0

2024-05-27 17:18:04,471 INFO Out dated connection ,size=0

2024-05-27 17:18:04,471 INFO Connection check task end

2024-05-27 17:18:06,531 INFO ConnectionMetrics, totalCount = 0, detail = {long_connection=0, long_polling=0}

2024-05-27 17:18:07,471 INFO Connection check task start

2024-05-27 17:18:07,471 INFO Long connection metrics detail ,Total count =0, sdkCount=0,clusterCount=0

2024-05-27 17:18:07,471 INFO Out dated connection ,size=0

2024-05-27 17:18:07,471 INFO Connection check task end

2024-05-27 17:18:09,532 INFO ConnectionMetrics, totalCount = 0, detail = {long_connection=0, long_polling=0}

2024-05-27 17:18:10,471 INFO Connection check task start

2024-05-27 17:18:10,472 INFO Long connection metrics detail ,Total count =0, sdkCount=0,clusterCount=0

2024-05-27 17:18:10,472 INFO Out dated connection ,size=0

2024-05-27 17:18:10,472 INFO Connection check task end

2024-05-27 17:18:12,532 INFO ConnectionMetrics, totalCount = 0, detail = {long_connection=0, long_polling=0}

2024-05-27 17:18:13,472 INFO Connection check task start

2024-05-27 17:18:13,472 INFO Long connection metrics detail ,Total count =0, sdkCount=0,clusterCount=0

2024-05-27 17:18:13,472 INFO Out dated connection ,size=0

2024-05-27 17:18:13,472 INFO Connection check task end

2024-05-27 17:18:15,532 INFO ConnectionMetrics, totalCount = 0, detail = {long_connection=0, long_polling=0}

2024-05-27 17:18:16,472 INFO Connection check task start

2024-05-27 17:18:16,472 INFO Long connection metrics detail ,Total count =0, sdkCount=0,clusterCount=0

2024-05-27 17:18:16,472 INFO Out dated connection ,size=0

2024-05-27 17:18:16,472 INFO Connection check task end

2024-05-27 17:18:18,533 INFO ConnectionMetrics, totalCount = 0, detail = {long_connection=0, long_polling=0}

2024-05-27 17:18:19,473 INFO Connection check task start

2024-05-27 17:18:19,473 INFO Long connection metrics detail ,Total count =0, sdkCount=0,clusterCount=0

2024-05-27 17:18:19,473 INFO Out dated connection ,size=0

2024-05-27 17:18:19,473 INFO Connection check task end

2024-05-27 17:18:21,533 INFO ConnectionMetrics, totalCount = 0, detail = {long_connection=0, long_polling=0}

2024-05-27 17:18:22,473 INFO Connection check task start

2024-05-27 17:18:22,473 INFO Long connection metrics detail ,Total count =0, sdkCount=0,clusterCount=0

2024-05-27 17:18:22,473 INFO Out dated connection ,size=0

2024-05-27 17:18:22,473 INFO Connection check task end

2024-05-27 17:18:24,534 INFO ConnectionMetrics, totalCount = 0, detail = {long_connection=0, long_polling=0}

2024-05-27 17:18:25,474 INFO Connection check task start

2024-05-27 17:18:25,474 INFO Long connection metrics detail ,Total count =0, sdkCount=0,clusterCount=0

2024-05-27 17:18:25,474 INFO Out dated connection ,size=0

2024-05-27 17:18:25,474 INFO Connection check task end

2024-05-27 17:18:27,534 INFO ConnectionMetrics, totalCount = 0, detail = {long_connection=0, long_polling=0}

2024-05-27 17:18:28,474 INFO Connection check task start

2024-05-27 17:18:28,474 INFO Long connection metrics detail ,Total count =0, sdkCount=0,clusterCount=0

2024-05-27 17:18:28,474 INFO Out dated connection ,size=0

2024-05-27 17:18:28,474 INFO Connection check task end

2024-05-27 17:18:30,534 INFO ConnectionMetrics, totalCount = 0, detail = {long_connection=0, long_polling=0}

2024-05-27 17:18:31,475 INFO Connection check task start

2024-05-27 17:18:31,475 INFO Long connection metrics detail ,Total count =0, sdkCount=0,clusterCount=0

2024-05-27 17:18:31,475 INFO Out dated connection ,size=0

2024-05-27 17:18:31,475 INFO Connection check task end

2024-05-27 17:18:33,535 INFO ConnectionMetrics, totalCount = 0, detail = {long_connection=0, long_polling=0}

2024-05-27 17:18:34,475 INFO Connection check task start

2024-05-27 17:18:34,475 INFO Long connection metrics detail ,Total count =0, sdkCount=0,clusterCount=0

2024-05-27 17:18:34,475 INFO Out dated connection ,size=0

2024-05-27 17:18:34,475 INFO Connection check task end

2024-05-27 17:18:36,535 INFO ConnectionMetrics, totalCount = 0, detail = {long_connection=0, long_polling=0}

2024-05-27 17:18:37,475 INFO Connection check task start

2024-05-27 17:18:37,476 INFO Long connection metrics detail ,Total count =0, sdkCount=0,clusterCount=0

2024-05-27 17:18:37,476 INFO Out dated connection ,size=0

2024-05-27 17:18:37,476 INFO Connection check task end

2024-05-27 17:18:39,536 INFO ConnectionMetrics, totalCount = 0, detail = {long_connection=0, long_polling=0}

2024-05-27 17:18:40,476 INFO Connection check task start

2024-05-27 17:18:40,476 INFO Long connection metrics detail ,Total count =0, sdkCount=0,clusterCount=0

2024-05-27 17:18:40,476 INFO Out dated connection ,size=0

2024-05-27 17:18:40,476 INFO Connection check task end

2024-05-27 17:18:42,536 INFO ConnectionMetrics, totalCount = 0, detail = {long_connection=0, long_polling=0}

2024-05-27 17:18:43,476 INFO Connection check task start

2024-05-27 17:18:43,476 INFO Long connection metrics detail ,Total count =0, sdkCount=0,clusterCount=0

2024-05-27 17:18:43,476 INFO Out dated connection ,size=0

2024-05-27 17:18:43,476 INFO Connection check task end

2024-05-27 17:18:45,537 INFO ConnectionMetrics, totalCount = 0, detail = {long_connection=0, long_polling=0}

2024-05-27 17:18:46,476 INFO Connection check task start

2024-05-27 17:18:46,477 INFO Long connection metrics detail ,Total count =0, sdkCount=0,clusterCount=0

2024-05-27 17:18:46,477 INFO Out dated connection ,size=0

2024-05-27 17:18:46,477 INFO Connection check task end

2024-05-27 17:18:48,537 INFO ConnectionMetrics, totalCount = 0, detail = {long_connection=0, long_polling=0}

2024-05-27 17:18:49,477 INFO Connection check task start

2024-05-27 17:18:49,477 INFO Long connection metrics detail ,Total count =0, sdkCount=0,clusterCount=0

2024-05-27 17:18:49,477 INFO Out dated connection ,size=0

2024-05-27 17:18:49,477 INFO Connection check task end

2024-05-27 17:18:51,537 INFO ConnectionMetrics, totalCount = 0, detail = {long_connection=0, long_polling=0}

2024-05-27 17:18:52,477 INFO Connection check task start

2024-05-27 17:18:52,477 INFO Long connection metrics detail ,Total count =0, sdkCount=0,clusterCount=0

2024-05-27 17:18:52,477 INFO Out dated connection ,size=0

2024-05-27 17:18:52,477 INFO Connection check task end

2024-05-27 17:18:54,538 INFO ConnectionMetrics, totalCount = 0, detail = {long_connection=0, long_polling=0}

2024-05-27 17:18:55,477 INFO Connection check task start

2024-05-27 17:18:55,478 INFO Long connection metrics detail ,Total count =0, sdkCount=0,clusterCount=0

2024-05-27 17:18:55,478 INFO Out dated connection ,size=0

2024-05-27 17:18:55,478 INFO Connection check task end

2024-05-27 17:18:57,538 INFO ConnectionMetrics, totalCount = 0, detail = {long_connection=0, long_polling=0}

2024-05-27 17:18:58,478 INFO Connection check task start

2024-05-27 17:18:58,478 INFO Long connection metrics detail ,Total count =0, sdkCount=0,clusterCount=0

2024-05-27 17:18:58,478 INFO Out dated connection ,size=0

2024-05-27 17:18:58,478 INFO Connection check task end

2024-05-27 17:19:00,539 INFO ConnectionMetrics, totalCount = 0, detail = {long_connection=0, long_polling=0}

2024-05-27 17:19:01,478 INFO Connection check task start

2024-05-27 17:19:01,478 INFO Long connection metrics detail ,Total count =0, sdkCount=0,clusterCount=0

2024-05-27 17:19:01,478 INFO Out dated connection ,size=0

2024-05-27 17:19:01,478 INFO Connection check task end

2024-05-27 17:19:03,539 INFO ConnectionMetrics, totalCount = 0, detail = {long_connection=0, long_polling=0}

2024-05-27 17:19:04,479 INFO Connection check task start

2024-05-27 17:19:04,479 INFO Long connection metrics detail ,Total count =0, sdkCount=0,clusterCount=0

2024-05-27 17:19:04,479 INFO Out dated connection ,size=0

2024-05-27 17:19:04,479 INFO Connection check task end

2024-05-27 17:19:06,539 INFO ConnectionMetrics, totalCount = 0, detail = {long_connection=0, long_polling=0}

2024-05-27 17:19:07,479 INFO Connection check task start

2024-05-27 17:19:07,479 INFO Long connection metrics detail ,Total count =0, sdkCount=0,clusterCount=0

2024-05-27 17:19:07,479 INFO Out dated connection ,size=0

2024-05-27 17:19:07,479 INFO Connection check task end

2024-05-27 17:19:09,540 INFO ConnectionMetrics, totalCount = 0, detail = {long_connection=0, long_polling=0}

2024-05-27 17:19:10,479 INFO Connection check task start

2024-05-27 17:19:10,479 INFO Long connection metrics detail ,Total count =0, sdkCount=0,clusterCount=0

2024-05-27 17:19:10,479 INFO Out dated connection ,size=0

2024-05-27 17:19:10,479 INFO Connection check task end

2024-05-27 17:19:12,540 INFO ConnectionMetrics, totalCount = 0, detail = {long_connection=0, long_polling=0}

2024-05-27 17:19:13,480 INFO Connection check task start

2024-05-27 17:19:13,480 INFO Long connection metrics detail ,Total count =0, sdkCount=0,clusterCount=0

2024-05-27 17:19:13,480 INFO Out dated connection ,size=0

2024-05-27 17:19:13,480 INFO Connection check task end

2024-05-27 17:19:15,541 INFO ConnectionMetrics, totalCount = 0, detail = {long_connection=0, long_polling=0}

2024-05-27 17:19:16,480 INFO Connection check task start

2024-05-27 17:19:16,480 INFO Long connection metrics detail ,Total count =0, sdkCount=0,clusterCount=0

2024-05-27 17:19:16,480 INFO Out dated connection ,size=0

2024-05-27 17:19:16,480 INFO Connection check task end

2024-05-27 17:19:18,541 INFO ConnectionMetrics, totalCount = 0, detail = {long_connection=0, long_polling=0}

2024-05-27 17:19:19,480 INFO Connection check task start

2024-05-27 17:19:19,481 INFO Long connection metrics detail ,Total count =0, sdkCount=0,clusterCount=0

2024-05-27 17:19:19,481 INFO Out dated connection ,size=0

2024-05-27 17:19:19,481 INFO Connection check task end

2024-05-27 17:19:21,541 INFO ConnectionMetrics, totalCount = 0, detail = {long_connection=0, long_polling=0}

2024-05-27 17:19:22,481 INFO Connection check task start

2024-05-27 17:19:22,481 INFO Long connection metrics detail ,Total count =0, sdkCount=0,clusterCount=0

2024-05-27 17:19:22,481 INFO Out dated connection ,size=0

2024-05-27 17:19:22,481 INFO Connection check task end

2024-05-27 17:19:24,542 INFO ConnectionMetrics, totalCount = 0, detail = {long_connection=0, long_polling=0}

2024-05-27 17:19:25,481 INFO Connection check task start

2024-05-27 17:19:25,481 INFO Long connection metrics detail ,Total count =0, sdkCount=0,clusterCount=0

2024-05-27 17:19:25,481 INFO Out dated connection ,size=0

2024-05-27 17:19:25,481 INFO Connection check task end

2024-05-27 17:19:27,542 INFO ConnectionMetrics, totalCount = 0, detail = {long_connection=0, long_polling=0}

2024-05-27 17:19:28,482 INFO Connection check task start

2024-05-27 17:19:28,482 INFO Long connection metrics detail ,Total count =0, sdkCount=0,clusterCount=0

2024-05-27 17:19:28,482 INFO Out dated connection ,size=0

2024-05-27 17:19:28,482 INFO Connection check task end

2024-05-27 17:19:30,542 INFO ConnectionMetrics, totalCount = 0, detail = {long_connection=0, long_polling=0}

2024-05-27 17:19:31,482 INFO Connection check task start

2024-05-27 17:19:31,482 INFO Long connection metrics detail ,Total count =0, sdkCount=0,clusterCount=0

2024-05-27 17:19:31,482 INFO Out dated connection ,size=0

2024-05-27 17:19:31,482 INFO Connection check task end

2024-05-27 17:19:33,543 INFO ConnectionMetrics, totalCount = 0, detail = {long_connection=0, long_polling=0}

2024-05-27 17:19:34,482 INFO Connection check task start

2024-05-27 17:19:34,483 INFO Long connection metrics detail ,Total count =0, sdkCount=0,clusterCount=0

2024-05-27 17:19:34,483 INFO Out dated connection ,size=0

2024-05-27 17:19:34,483 INFO Connection check task end

2024-05-27 17:19:36,543 INFO ConnectionMetrics, totalCount = 0, detail = {long_connection=0, long_polling=0}

2024-05-27 17:19:37,483 INFO Connection check task start

2024-05-27 17:19:37,483 INFO Long connection metrics detail ,Total count =0, sdkCount=0,clusterCount=0

2024-05-27 17:19:37,483 INFO Out dated connection ,size=0

2024-05-27 17:19:37,483 INFO Connection check task end

2024-05-27 17:19:39,544 INFO ConnectionMetrics, totalCount = 0, detail = {long_connection=0, long_polling=0}

2024-05-27 17:19:40,483 INFO Connection check task start

2024-05-27 17:19:40,483 INFO Long connection metrics detail ,Total count =0, sdkCount=0,clusterCount=0

2024-05-27 17:19:40,483 INFO Out dated connection ,size=0

2024-05-27 17:19:40,483 INFO Connection check task end

2024-05-27 17:19:42,544 INFO ConnectionMetrics, totalCount = 0, detail = {long_connection=0, long_polling=0}

2024-05-27 17:19:43,483 INFO Connection check task start

2024-05-27 17:19:43,483 INFO Long connection metrics detail ,Total count =0, sdkCount=0,clusterCount=0

2024-05-27 17:19:43,484 INFO Out dated connection ,size=0

2024-05-27 17:19:43,484 INFO Connection check task end

2024-05-27 17:19:45,544 INFO ConnectionMetrics, totalCount = 0, detail = {long_connection=0, long_polling=0}

2024-05-27 17:19:46,484 INFO Connection check task start

2024-05-27 17:19:46,484 INFO Long connection metrics detail ,Total count =0, sdkCount=0,clusterCount=0

2024-05-27 17:19:46,484 INFO Out dated connection ,size=0

2024-05-27 17:19:46,484 INFO Connection check task end

2024-05-27 17:19:48,545 INFO ConnectionMetrics, totalCount = 0, detail = {long_connection=0, long_polling=0}

2024-05-27 17:19:49,484 INFO Connection check task start

2024-05-27 17:19:49,484 INFO Long connection metrics detail ,Total count =0, sdkCount=0,clusterCount=0

2024-05-27 17:19:49,484 INFO Out dated connection ,size=0

2024-05-27 17:19:49,484 INFO Connection check task end

2024-05-27 17:19:51,545 INFO ConnectionMetrics, totalCount = 0, detail = {long_connection=0, long_polling=0}

2024-05-27 17:19:52,484 INFO Connection check task start

2024-05-27 17:19:52,485 INFO Long connection metrics detail ,Total count =0, sdkCount=0,clusterCount=0

2024-05-27 17:19:52,485 INFO Out dated connection ,size=0

2024-05-27 17:19:52,485 INFO Connection check task end

2024-05-27 17:19:54,546 INFO ConnectionMetrics, totalCount = 0, detail = {long_connection=0, long_polling=0}

2024-05-27 17:19:55,485 INFO Connection check task start

2024-05-27 17:19:55,485 INFO Long connection metrics detail ,Total count =0, sdkCount=0,clusterCount=0

2024-05-27 17:19:55,485 INFO Out dated connection ,size=0

2024-05-27 17:19:55,485 INFO Connection check task end

2024-05-27 17:19:57,546 INFO ConnectionMetrics, totalCount = 0, detail = {long_connection=0, long_polling=0}

2024-05-27 17:19:58,485 INFO Connection check task start

2024-05-27 17:19:58,485 INFO Long connection metrics detail ,Total count =0, sdkCount=0,clusterCount=0

2024-05-27 17:19:58,485 INFO Out dated connection ,size=0

2024-05-27 17:19:58,485 INFO Connection check task end

2024-05-27 17:20:00,546 INFO ConnectionMetrics, totalCount = 0, detail = {long_connection=0, long_polling=0}

2024-05-27 17:20:01,485 INFO Connection check task start

2024-05-27 17:20:01,485 INFO Long connection metrics detail ,Total count =0, sdkCount=0,clusterCount=0

2024-05-27 17:20:01,485 INFO Out dated connection ,size=0

2024-05-27 17:20:01,486 INFO Connection check task end

2024-05-27 17:20:03,547 INFO ConnectionMetrics, totalCount = 0, detail = {long_connection=0, long_polling=0}

2024-05-27 17:20:04,486 INFO Connection check task start

2024-05-27 17:20:04,486 INFO Long connection metrics detail ,Total count =0, sdkCount=0,clusterCount=0

2024-05-27 17:20:04,486 INFO Out dated connection ,size=0

2024-05-27 17:20:04,486 INFO Connection check task end

2024-05-27 17:20:06,547 INFO ConnectionMetrics, totalCount = 0, detail = {long_connection=0, long_polling=0}

2024-05-27 17:20:07,486 INFO Connection check task start

2024-05-27 17:20:07,486 INFO Long connection metrics detail ,Total count =0, sdkCount=0,clusterCount=0

2024-05-27 17:20:07,486 INFO Out dated connection ,size=0

2024-05-27 17:20:07,486 INFO Connection check task end

2024-05-27 17:20:09,547 INFO ConnectionMetrics, totalCount = 0, detail = {long_connection=0, long_polling=0}

2024-05-27 17:20:10,486 INFO Connection check task start

2024-05-27 17:20:10,486 INFO Long connection metrics detail ,Total count =0, sdkCount=0,clusterCount=0

2024-05-27 17:20:10,486 INFO Out dated connection ,size=0

2024-05-27 17:20:10,486 INFO Connection check task end

2024-05-27 17:20:12,548 INFO ConnectionMetrics, totalCount = 0, detail = {long_connection=0, long_polling=0}

2024-05-27 17:20:13,486 INFO Connection check task start

2024-05-27 17:20:13,487 INFO Long connection metrics detail ,Total count =0, sdkCount=0,clusterCount=0

2024-05-27 17:20:13,487 INFO Out dated connection ,size=0

2024-05-27 17:20:13,487 INFO Connection check task end

2024-05-27 17:20:15,548 INFO ConnectionMetrics, totalCount = 0, detail = {long_connection=0, long_polling=0}

2024-05-27 17:20:16,487 INFO Connection check task start

2024-05-27 17:20:16,487 INFO Long connection metrics detail ,Total count =0, sdkCount=0,clusterCount=0

2024-05-27 17:20:16,487 INFO Out dated connection ,size=0

2024-05-27 17:20:16,487 INFO Connection check task end

2024-05-27 17:20:18,549 INFO ConnectionMetrics, totalCount = 0, detail = {long_connection=0, long_polling=0}

2024-05-27 17:20:19,487 INFO Connection check task start

2024-05-27 17:20:19,487 INFO Long connection metrics detail ,Total count =0, sdkCount=0,clusterCount=0

2024-05-27 17:20:19,487 INFO Out dated connection ,size=0

2024-05-27 17:20:19,487 INFO Connection check task end

2024-05-27 17:20:21,549 INFO ConnectionMetrics, totalCount = 0, detail = {long_connection=0, long_polling=0}

2024-05-27 17:20:22,487 INFO Connection check task start

2024-05-27 17:20:22,488 INFO Long connection metrics detail ,Total count =0, sdkCount=0,clusterCount=0

2024-05-27 17:20:22,488 INFO Out dated connection ,size=0

2024-05-27 17:20:22,488 INFO Connection check task end

2024-05-27 17:20:24,549 INFO ConnectionMetrics, totalCount = 0, detail = {long_connection=0, long_polling=0}

2024-05-27 17:20:25,488 INFO Connection check task start

2024-05-27 17:20:25,488 INFO Long connection metrics detail ,Total count =0, sdkCount=0,clusterCount=0

2024-05-27 17:20:25,488 INFO Out dated connection ,size=0

2024-05-27 17:20:25,488 INFO Connection check task end

2024-05-27 17:20:27,550 INFO ConnectionMetrics, totalCount = 0, detail = {long_connection=0, long_polling=0}

2024-05-27 17:20:28,488 INFO Connection check task start

2024-05-27 17:20:28,488 INFO Long connection metrics detail ,Total count =0, sdkCount=0,clusterCount=0

2024-05-27 17:20:28,488 INFO Out dated connection ,size=0

2024-05-27 17:20:28,488 INFO Connection check task end

2024-05-27 17:20:30,550 INFO ConnectionMetrics, totalCount = 0, detail = {long_connection=0, long_polling=0}

2024-05-27 17:20:31,488 INFO Connection check task start

2024-05-27 17:20:31,488 INFO Long connection metrics detail ,Total count =0, sdkCount=0,clusterCount=0

2024-05-27 17:20:31,489 INFO Out dated connection ,size=0

2024-05-27 17:20:31,489 INFO Connection check task end

2024-05-27 17:20:33,550 INFO ConnectionMetrics, totalCount = 0, detail = {long_connection=0, long_polling=0}

2024-05-27 17:20:34,489 INFO Connection check task start

2024-05-27 17:20:34,489 INFO Long connection metrics detail ,Total count =0, sdkCount=0,clusterCount=0

2024-05-27 17:20:34,489 INFO Out dated connection ,size=0

2024-05-27 17:20:34,489 INFO Connection check task end

2024-05-27 17:20:36,551 INFO ConnectionMetrics, totalCount = 0, detail = {long_connection=0, long_polling=0}

2024-05-27 17:20:37,489 INFO Connection check task start

2024-05-27 17:20:37,489 INFO Long connection metrics detail ,Total count =0, sdkCount=0,clusterCount=0

2024-05-27 17:20:37,489 INFO Out dated connection ,size=0

2024-05-27 17:20:37,489 INFO Connection check task end

2024-05-27 17:20:39,551 INFO ConnectionMetrics, totalCount = 0, detail = {long_connection=0, long_polling=0}

2024-05-27 17:20:40,490 INFO Connection check task start

2024-05-27 17:20:40,490 INFO Long connection metrics detail ,Total count =0, sdkCount=0,clusterCount=0

2024-05-27 17:20:40,490 INFO Out dated connection ,size=0

2024-05-27 17:20:40,490 INFO Connection check task end

2024-05-27 17:20:42,551 INFO ConnectionMetrics, totalCount = 0, detail = {long_connection=0, long_polling=0}

2024-05-27 17:20:43,490 INFO Connection check task start

2024-05-27 17:20:43,490 INFO Long connection metrics detail ,Total count =0, sdkCount=0,clusterCount=0

2024-05-27 17:20:43,490 INFO Out dated connection ,size=0

2024-05-27 17:20:43,490 INFO Connection check task end

2024-05-27 17:20:45,552 INFO ConnectionMetrics, totalCount = 0, detail = {long_connection=0, long_polling=0}

2024-05-27 17:20:46,490 INFO Connection check task start

2024-05-27 17:20:46,490 INFO Long connection metrics detail ,Total count =0, sdkCount=0,clusterCount=0

2024-05-27 17:20:46,490 INFO Out dated connection ,size=0

2024-05-27 17:20:46,490 INFO Connection check task end

2024-05-27 17:20:48,552 INFO ConnectionMetrics, totalCount = 0, detail = {long_connection=0, long_polling=0}

2024-05-27 17:20:49,491 INFO Connection check task start

2024-05-27 17:20:49,491 INFO Long connection metrics detail ,Total count =0, sdkCount=0,clusterCount=0

2024-05-27 17:20:49,491 INFO Out dated connection ,size=0

2024-05-27 17:20:49,491 INFO Connection check task end

2024-05-27 17:20:51,552 INFO ConnectionMetrics, totalCount = 0, detail = {long_connection=0, long_polling=0}

2024-05-27 17:20:52,491 INFO Connection check task start

2024-05-27 17:20:52,491 INFO Long connection metrics detail ,Total count =0, sdkCount=0,clusterCount=0

2024-05-27 17:20:52,491 INFO Out dated connection ,size=0

2024-05-27 17:20:52,491 INFO Connection check task end

2024-05-27 17:20:54,553 INFO ConnectionMetrics, totalCount = 0, detail = {long_connection=0, long_polling=0}

2024-05-27 17:20:55,491 INFO Connection check task start

2024-05-27 17:20:55,492 INFO Long connection metrics detail ,Total count =0, sdkCount=0,clusterCount=0

2024-05-27 17:20:55,492 INFO Out dated connection ,size=0

2024-05-27 17:20:55,492 INFO Connection check task end

2024-05-27 17:20:57,553 INFO ConnectionMetrics, totalCount = 0, detail = {long_connection=0, long_polling=0}

2024-05-27 17:20:58,492 INFO Connection check task start

2024-05-27 17:20:58,492 INFO Long connection metrics detail ,Total count =0, sdkCount=0,clusterCount=0

2024-05-27 17:20:58,492 INFO Out dated connection ,size=0

2024-05-27 17:20:58,492 INFO Connection check task end

2024-05-27 17:21:00,553 INFO ConnectionMetrics, totalCount = 0, detail = {long_connection=0, long_polling=0}

2024-05-27 17:21:01,492 INFO Connection check task start

2024-05-27 17:21:01,492 INFO Long connection metrics detail ,Total count =0, sdkCount=0,clusterCount=0

2024-05-27 17:21:01,492 INFO Out dated connection ,size=0

2024-05-27 17:21:01,492 INFO Connection check task end

2024-05-27 17:21:03,554 INFO ConnectionMetrics, totalCount = 0, detail = {long_connection=0, long_polling=0}

2024-05-27 17:21:04,492 INFO Connection check task start

2024-05-27 17:21:04,492 INFO Long connection metrics detail ,Total count =0, sdkCount=0,clusterCount=0

2024-05-27 17:21:04,492 INFO Out dated connection ,size=0

2024-05-27 17:21:04,492 INFO Connection check task end

2024-05-27 17:21:06,554 INFO ConnectionMetrics, totalCount = 0, detail = {long_connection=0, long_polling=0}

2024-05-27 17:21:07,493 INFO Connection check task start

2024-05-27 17:21:07,493 INFO Long connection metrics detail ,Total count =0, sdkCount=0,clusterCount=0

2024-05-27 17:21:07,493 INFO Out dated connection ,size=0

2024-05-27 17:21:07,493 INFO Connection check task end

2024-05-27 17:21:09,554 INFO ConnectionMetrics, totalCount = 0, detail = {long_connection=0, long_polling=0}

2024-05-27 17:21:10,493 INFO Connection check task start

2024-05-27 17:21:10,493 INFO Long connection metrics detail ,Total count =0, sdkCount=0,clusterCount=0

2024-05-27 17:21:10,493 INFO Out dated connection ,size=0

2024-05-27 17:21:10,493 INFO Connection check task end

2024-05-27 17:21:12,555 INFO ConnectionMetrics, totalCount = 0, detail = {long_connection=0, long_polling=0}

2024-05-27 17:21:13,493 INFO Connection check task start

2024-05-27 17:21:13,493 INFO Long connection metrics detail ,Total count =0, sdkCount=0,clusterCount=0

2024-05-27 17:21:13,493 INFO Out dated connection ,size=0

2024-05-27 17:21:13,493 INFO Connection check task end

2024-05-27 17:21:15,555 INFO ConnectionMetrics, totalCount = 0, detail = {long_connection=0, long_polling=0}

2024-05-27 17:21:16,494 INFO Connection check task start

2024-05-27 17:21:16,494 INFO Long connection metrics detail ,Total count =0, sdkCount=0,clusterCount=0

2024-05-27 17:21:16,494 INFO Out dated connection ,size=0

2024-05-27 17:21:16,494 INFO Connection check task end

2024-05-27 17:21:18,556 INFO ConnectionMetrics, totalCount = 0, detail = {long_connection=0, long_polling=0}

2024-05-27 17:21:19,494 INFO Connection check task start

2024-05-27 17:21:19,494 INFO Long connection metrics detail ,Total count =0, sdkCount=0,clusterCount=0

2024-05-27 17:21:19,494 INFO Out dated connection ,size=0

2024-05-27 17:21:19,494 INFO Connection check task end

2024-05-27 17:21:21,556 INFO ConnectionMetrics, totalCount = 0, detail = {long_connection=0, long_polling=0}

2024-05-27 17:21:22,494 INFO Connection check task start

2024-05-27 17:21:22,494 INFO Long connection metrics detail ,Total count =0, sdkCount=0,clusterCount=0

2024-05-27 17:21:22,494 INFO Out dated connection ,size=0

2024-05-27 17:21:22,494 INFO Connection check task end

2024-05-27 17:21:24,556 INFO ConnectionMetrics, totalCount = 0, detail = {long_connection=0, long_polling=0}

2024-05-27 17:21:25,495 INFO Connection check task start

2024-05-27 17:21:25,495 INFO Long connection metrics detail ,Total count =0, sdkCount=0,clusterCount=0

2024-05-27 17:21:25,495 INFO Out dated connection ,size=0

2024-05-27 17:21:25,495 INFO Connection check task end

2024-05-27 17:21:27,557 INFO ConnectionMetrics, totalCount = 0, detail = {long_connection=0, long_polling=0}

2024-05-27 17:21:28,495 INFO Connection check task start

2024-05-27 17:21:28,495 INFO Long connection metrics detail ,Total count =0, sdkCount=0,clusterCount=0

2024-05-27 17:21:28,495 INFO Out dated connection ,size=0

2024-05-27 17:21:28,495 INFO Connection check task end

2024-05-27 17:21:30,557 INFO ConnectionMetrics, totalCount = 0, detail = {long_connection=0, long_polling=0}

2024-05-27 17:21:30,802 WARN [NotifyCenter] Start destroying Publisher

2024-05-27 17:21:30,802 WARN [NotifyCenter] Destruction of the end

2024-05-27 17:21:30,807 INFO Stopping service [Tomcat]

2024-05-27 17:21:30,808 WARN [WatchFileCenter] start close

2024-05-27 17:21:30,808 WARN [ThreadPoolManager] Start destroying ThreadPool

2024-05-27 17:21:30,808 WARN [WatchFileCenter] start to shutdown this watcher which is watch : /home/nacos/conf

2024-05-27 17:21:30,809 WARN [WatchFileCenter] already closed

2024-05-27 17:21:30,845 INFO Destroying Spring FrameworkServlet 'dispatcherServlet'

2024-05-27 17:21:30,845 WARN [HttpClientBeanHolder] Start destroying common HttpClient

2024-05-27 17:21:30,850 WARN [HttpClientBeanHolder] Destruction of the end

