2024-05-27 17:14:12,494 INFO PERFORMANCE:|serviceCount|ipCount|subscribeCount|maxPushCost|avgPushCost|totalPushCount|failPushCount

2024-05-27 17:14:12,494 INFO DISTRO:|V1SyncDone|V1SyncFail|V2SyncDone|V2SyncFail|V2VerifyFail|

2024-05-27 17:14:12,495 INFO PERFORMANCE:|0|0|0|-1|-1|0|0

2024-05-27 17:14:12,496 INFO Task worker status: 
naming_0%4, pending tasks: 0
naming_1%4, pending tasks: 0
naming_2%4, pending tasks: 0
naming_3%4, pending tasks: 0


2024-05-27 17:14:12,496 INFO DISTRO:|0|0|0|

2024-05-27 17:15:12,497 INFO PERFORMANCE:|0|0|0|-1|-1|0|0

2024-05-27 17:15:12,497 INFO Task worker status: 
naming_0%4, pending tasks: 0
naming_1%4, pending tasks: 0
naming_2%4, pending tasks: 0
naming_3%4, pending tasks: 0


2024-05-27 17:15:12,497 INFO DISTRO:|0|0|0|

2024-05-27 17:16:12,497 INFO PERFORMANCE:|0|0|0|-1|-1|0|0

2024-05-27 17:16:12,497 INFO Task worker status: 
naming_0%4, pending tasks: 0
naming_1%4, pending tasks: 0
naming_2%4, pending tasks: 0
naming_3%4, pending tasks: 0


2024-05-27 17:16:12,497 INFO DISTRO:|0|0|0|

2024-05-27 17:18:10,009 INFO PERFORMANCE:|serviceCount|ipCount|subscribeCount|maxPushCost|avgPushCost|totalPushCount|failPushCount

2024-05-27 17:18:10,009 INFO DISTRO:|V1SyncDone|V1SyncFail|V2SyncDone|V2SyncFail|V2VerifyFail|

2024-05-27 17:18:10,009 INFO PERFORMANCE:|0|0|0|-1|-1|0|0

2024-05-27 17:18:10,011 INFO Task worker status: 
naming_0%4, pending tasks: 0
naming_1%4, pending tasks: 0
naming_2%4, pending tasks: 0
naming_3%4, pending tasks: 0


2024-05-27 17:18:10,011 INFO DISTRO:|0|0|0|

2024-05-27 17:19:10,012 INFO PERFORMANCE:|0|0|0|-1|-1|0|0

2024-05-27 17:19:10,012 INFO Task worker status: 
naming_0%4, pending tasks: 0
naming_1%4, pending tasks: 0
naming_2%4, pending tasks: 0
naming_3%4, pending tasks: 0


2024-05-27 17:19:10,012 INFO DISTRO:|0|0|0|

2024-05-27 17:20:10,012 INFO PERFORMANCE:|0|0|0|-1|-1|0|0

2024-05-27 17:20:10,012 INFO Task worker status: 
naming_0%4, pending tasks: 0
naming_1%4, pending tasks: 0
naming_2%4, pending tasks: 0
naming_3%4, pending tasks: 0


2024-05-27 17:20:10,012 INFO DISTRO:|0|0|0|

2024-05-27 17:21:10,012 INFO PERFORMANCE:|0|0|0|-1|-1|0|0

2024-05-27 17:21:10,013 INFO Task worker status: 
naming_0%4, pending tasks: 0
naming_1%4, pending tasks: 0
naming_2%4, pending tasks: 0
naming_3%4, pending tasks: 0


2024-05-27 17:21:10,013 INFO DISTRO:|0|0|0|

