2024-05-27 17:13:40,751 INFO [ClientConnectionEventListenerRegistry] registry listener - ConnectionBasedClientManager

2024-05-27 17:13:41,994 INFO [ClientConnectionEventListenerRegistry] registry listener - ConfigConnectionEventListener

2024-05-27 17:13:42,022 INFO Nacos GrpcSdkServer Rpc server starting at port 9848

2024-05-27 17:13:42,222 INFO Load ProtocolNegotiatorBuilder com.alibaba.nacos.core.remote.grpc.negotiator.tls.DefaultTlsProtocolNegotiatorBuilder for type DEFAULT_TLS

2024-05-27 17:13:42,223 DEBUG TLS configuration is empty, use default value

2024-05-27 17:13:42,260 INFO Nacos Rpc server tls config:{"sslProvider":"","enableTls":false,"mutualAuthEnable":false,"trustAll":false,"sslContextRefresher":"","compatibility":true}

2024-05-27 17:13:42,262 WARN Recommended use 'nacos.remote.server.grpc.sdk.max-inbound-message-size' property instead 'nacos.remote.server.grpc.maxinbound.message.size', now property value is 10485760

2024-05-27 17:13:42,391 INFO Nacos Rpc server tls config:{"sslProvider":"","enableTls":false,"mutualAuthEnable":false,"trustAll":false,"sslContextRefresher":"","compatibility":true}

2024-05-27 17:13:42,391 INFO No RpcServerSslContextRefresher specified,Ssl Context auto refresh not supported.

2024-05-27 17:13:42,391 INFO RpcServerSslContextRefresher init end

2024-05-27 17:13:42,391 INFO Nacos GrpcSdkServer Rpc server started at port 9848

2024-05-27 17:13:42,394 INFO Nacos GrpcClusterServer Rpc server starting at port 9849

2024-05-27 17:13:42,394 WARN Recommended use 'nacos.remote.server.grpc.cluster.max-inbound-message-size' property instead 'nacos.remote.server.grpc.maxinbound.message.size', now property value is 10485760

2024-05-27 17:13:42,396 INFO Nacos GrpcClusterServer Rpc server started at port 9849

2024-05-27 17:13:42,443 INFO [ClientConnectionEventListenerRegistry] registry listener - RpcAckCallbackInitorOrCleaner

2024-05-27 17:16:14,895 INFO Nacos GrpcSdkServer Rpc server stopping

2024-05-27 17:16:14,900 INFO Nacos GrpcClusterServer Rpc server stopping

2024-05-27 17:16:14,915 INFO Nacos GrpcSdkServer Rpc server stopped successfully...

2024-05-27 17:16:14,916 INFO Nacos GrpcClusterServer Rpc server stopped successfully...

2024-05-27 17:17:38,184 INFO [ClientConnectionEventListenerRegistry] registry listener - ConnectionBasedClientManager

2024-05-27 17:17:39,572 INFO [ClientConnectionEventListenerRegistry] registry listener - ConfigConnectionEventListener

2024-05-27 17:17:39,598 INFO Nacos GrpcSdkServer Rpc server starting at port 9848

2024-05-27 17:17:39,781 INFO Load ProtocolNegotiatorBuilder com.alibaba.nacos.core.remote.grpc.negotiator.tls.DefaultTlsProtocolNegotiatorBuilder for type DEFAULT_TLS

2024-05-27 17:17:39,783 DEBUG TLS configuration is empty, use default value

2024-05-27 17:17:39,817 INFO Nacos Rpc server tls config:{"sslProvider":"","enableTls":false,"mutualAuthEnable":false,"trustAll":false,"sslContextRefresher":"","compatibility":true}

2024-05-27 17:17:39,819 WARN Recommended use 'nacos.remote.server.grpc.sdk.max-inbound-message-size' property instead 'nacos.remote.server.grpc.maxinbound.message.size', now property value is 10485760

2024-05-27 17:17:39,932 INFO Nacos Rpc server tls config:{"sslProvider":"","enableTls":false,"mutualAuthEnable":false,"trustAll":false,"sslContextRefresher":"","compatibility":true}

2024-05-27 17:17:39,932 INFO No RpcServerSslContextRefresher specified,Ssl Context auto refresh not supported.

2024-05-27 17:17:39,932 INFO RpcServerSslContextRefresher init end

2024-05-27 17:17:39,932 INFO Nacos GrpcSdkServer Rpc server started at port 9848

2024-05-27 17:17:39,935 INFO Nacos GrpcClusterServer Rpc server starting at port 9849

2024-05-27 17:17:39,936 WARN Recommended use 'nacos.remote.server.grpc.cluster.max-inbound-message-size' property instead 'nacos.remote.server.grpc.maxinbound.message.size', now property value is 10485760

2024-05-27 17:17:39,939 INFO Nacos GrpcClusterServer Rpc server started at port 9849

2024-05-27 17:17:39,976 INFO [ClientConnectionEventListenerRegistry] registry listener - RpcAckCallbackInitorOrCleaner

2024-05-27 17:21:30,803 INFO Nacos GrpcSdkServer Rpc server stopping

2024-05-27 17:21:30,844 INFO Nacos GrpcSdkServer Rpc server stopped successfully...

2024-05-27 17:21:30,845 INFO Nacos GrpcClusterServer Rpc server stopping

2024-05-27 17:21:30,853 INFO Nacos GrpcClusterServer Rpc server stopped successfully...

